[0.047s] Invoking command in '/home/an/ros2_ws/build/velodyne_description': CMAKE_PREFIX_PATH=/opt/ros/humble /usr/bin/cmake /home/an/ros2_ws/src/velodyne_simulator/velodyne_description -DCMAKE_INSTALL_PREFIX=/home/an/ros2_ws/install/velodyne_description
[0.226s] -- The C compiler identification is GNU 11.4.0
[0.386s] -- The CXX compiler identification is GNU 11.4.0
[0.406s] -- Detecting C compiler ABI info
[0.595s] -- Detecting C compiler ABI info - done
[0.614s] -- Check for working C compiler: /usr/bin/cc - skipped
[0.614s] -- Detecting C compile features
[0.615s] -- Detecting C compile features - done
[0.623s] -- Detecting CXX compiler ABI info
[0.844s] -- Detecting CXX compiler ABI info - done
[0.864s] -- Check for working CXX compiler: /usr/bin/c++ - skipped
[0.865s] -- Detecting CXX compile features
[0.866s] -- Detecting CXX compile features - done
[0.873s] -- Found ament_cmake: 1.3.11 (/opt/ros/humble/share/ament_cmake/cmake)
[1.249s] -- Found Python3: /usr/bin/python3 (found version "3.10.12") found components: Interpreter 
[1.650s] -- Configuring done
[1.657s] -- Generating done
[1.664s] -- Build files have been written to: /home/an/ros2_ws/build/velodyne_description
[1.671s] Invoked command in '/home/an/ros2_ws/build/velodyne_description' returned '0': CMAKE_PREFIX_PATH=/opt/ros/humble /usr/bin/cmake /home/an/ros2_ws/src/velodyne_simulator/velodyne_description -DCMAKE_INSTALL_PREFIX=/home/an/ros2_ws/install/velodyne_description
[1.676s] Invoking command in '/home/an/ros2_ws/build/velodyne_description': CMAKE_PREFIX_PATH=/opt/ros/humble /usr/bin/cmake --build /home/an/ros2_ws/build/velodyne_description -- -j12 -l12
[1.775s] Invoked command in '/home/an/ros2_ws/build/velodyne_description' returned '0': CMAKE_PREFIX_PATH=/opt/ros/humble /usr/bin/cmake --build /home/an/ros2_ws/build/velodyne_description -- -j12 -l12
[1.799s] Invoking command in '/home/an/ros2_ws/build/velodyne_description': CMAKE_PREFIX_PATH=/opt/ros/humble /usr/bin/cmake --install /home/an/ros2_ws/build/velodyne_description
[1.817s] -- Install configuration: ""
[1.818s] -- Installing: /home/an/ros2_ws/install/velodyne_description/share/velodyne_description/launch
[1.818s] -- Installing: /home/an/ros2_ws/install/velodyne_description/share/velodyne_description/launch/example.launch.py
[1.819s] -- Installing: /home/an/ros2_ws/install/velodyne_description/share/velodyne_description/meshes
[1.819s] -- Installing: /home/an/ros2_ws/install/velodyne_description/share/velodyne_description/meshes/VLP16_base_2.stl
[1.820s] -- Installing: /home/an/ros2_ws/install/velodyne_description/share/velodyne_description/meshes/HDL32E_scan.stl
[1.821s] -- Installing: /home/an/ros2_ws/install/velodyne_description/share/velodyne_description/meshes/HDL32E_base.stl
[1.822s] -- Installing: /home/an/ros2_ws/install/velodyne_description/share/velodyne_description/meshes/VLP16_scan.dae
[1.823s] -- Installing: /home/an/ros2_ws/install/velodyne_description/share/velodyne_description/meshes/VLP16_scan.stl
[1.823s] -- Installing: /home/an/ros2_ws/install/velodyne_description/share/velodyne_description/meshes/VLP16_base_2.dae
[1.825s] -- Installing: /home/an/ros2_ws/install/velodyne_description/share/velodyne_description/meshes/HDL32E_base.dae
[1.826s] -- Installing: /home/an/ros2_ws/install/velodyne_description/share/velodyne_description/meshes/VLP16_base_1.dae
[1.827s] -- Installing: /home/an/ros2_ws/install/velodyne_description/share/velodyne_description/meshes/HDL32E_scan.dae
[1.829s] -- Installing: /home/an/ros2_ws/install/velodyne_description/share/velodyne_description/meshes/VLP16_base_1.stl
[1.830s] -- Installing: /home/an/ros2_ws/install/velodyne_description/share/velodyne_description/rviz
[1.831s] -- Installing: /home/an/ros2_ws/install/velodyne_description/share/velodyne_description/rviz/example.rviz
[1.831s] -- Installing: /home/an/ros2_ws/install/velodyne_description/share/velodyne_description/urdf
[1.831s] -- Installing: /home/an/ros2_ws/install/velodyne_description/share/velodyne_description/urdf/VLP-16.urdf.xacro
[1.832s] -- Installing: /home/an/ros2_ws/install/velodyne_description/share/velodyne_description/urdf/example.urdf.xacro
[1.832s] -- Installing: /home/an/ros2_ws/install/velodyne_description/share/velodyne_description/urdf/HDL-32E.urdf.xacro
[1.833s] -- Installing: /home/an/ros2_ws/install/velodyne_description/share/velodyne_description/world
[1.833s] -- Installing: /home/an/ros2_ws/install/velodyne_description/share/velodyne_description/world/example.world
[1.834s] -- Installing: /home/an/ros2_ws/install/velodyne_description/share/velodyne_description/environment/velodyne_description.dsv
[1.834s] -- Installing: /home/an/ros2_ws/install/velodyne_description/share/ament_index/resource_index/package_run_dependencies/velodyne_description
[1.835s] -- Installing: /home/an/ros2_ws/install/velodyne_description/share/ament_index/resource_index/parent_prefix_path/velodyne_description
[1.835s] -- Installing: /home/an/ros2_ws/install/velodyne_description/share/velodyne_description/environment/ament_prefix_path.sh
[1.836s] -- Installing: /home/an/ros2_ws/install/velodyne_description/share/velodyne_description/environment/ament_prefix_path.dsv
[1.836s] -- Installing: /home/an/ros2_ws/install/velodyne_description/share/velodyne_description/environment/path.sh
[1.837s] -- Installing: /home/an/ros2_ws/install/velodyne_description/share/velodyne_description/environment/path.dsv
[1.837s] -- Installing: /home/an/ros2_ws/install/velodyne_description/share/velodyne_description/local_setup.bash
[1.838s] -- Installing: /home/an/ros2_ws/install/velodyne_description/share/velodyne_description/local_setup.sh
[1.838s] -- Installing: /home/an/ros2_ws/install/velodyne_description/share/velodyne_description/local_setup.zsh
[1.838s] -- Installing: /home/an/ros2_ws/install/velodyne_description/share/velodyne_description/local_setup.dsv
[1.839s] -- Installing: /home/an/ros2_ws/install/velodyne_description/share/velodyne_description/package.dsv
[1.839s] -- Installing: /home/an/ros2_ws/install/velodyne_description/share/ament_index/resource_index/packages/velodyne_description
[1.840s] -- Installing: /home/an/ros2_ws/install/velodyne_description/share/velodyne_description/cmake/velodyne_descriptionConfig.cmake
[1.840s] -- Installing: /home/an/ros2_ws/install/velodyne_description/share/velodyne_description/cmake/velodyne_descriptionConfig-version.cmake
[1.841s] -- Installing: /home/an/ros2_ws/install/velodyne_description/share/velodyne_description/package.xml
[1.846s] Invoked command in '/home/an/ros2_ws/build/velodyne_description' returned '0': CMAKE_PREFIX_PATH=/opt/ros/humble /usr/bin/cmake --install /home/an/ros2_ws/build/velodyne_description
