[0.024s] Invoking command in '/home/an/ros2_ws/build/my_bot': CMAKE_PREFIX_PATH=${CMAKE_PREFIX_PATH}:/home/an/ros2_ws/install/robotcd_pkg:/opt/ros/humble /usr/bin/cmake --build /home/an/ros2_ws/build/my_bot -- -j12 -l12
[0.277s] Invoked command in '/home/an/ros2_ws/build/my_bot' returned '0': CMAKE_PREFIX_PATH=${CMAKE_PREFIX_PATH}:/home/an/ros2_ws/install/robotcd_pkg:/opt/ros/humble /usr/bin/cmake --build /home/an/ros2_ws/build/my_bot -- -j12 -l12
[0.289s] Invoking command in '/home/an/ros2_ws/build/my_bot': CMAKE_PREFIX_PATH=${CMAKE_PREFIX_PATH}:/home/an/ros2_ws/install/robotcd_pkg:/opt/ros/humble /usr/bin/cmake --install /home/an/ros2_ws/build/my_bot
[0.297s] -- Install configuration: ""
[0.297s] -- Execute custom install script
[0.297s] -- Up-to-date symlink: /home/an/ros2_ws/install/my_bot/share/my_bot/config/empty.yaml
[0.297s] -- Up-to-date symlink: /home/an/ros2_ws/install/my_bot/share/my_bot/description/gazebo_control.xacro
[0.298s] -- Up-to-date symlink: /home/an/ros2_ws/install/my_bot/share/my_bot/description/inertial_macros.xacro
[0.298s] -- Up-to-date symlink: /home/an/ros2_ws/install/my_bot/share/my_bot/description/lidar.xacro
[0.298s] -- Up-to-date symlink: /home/an/ros2_ws/install/my_bot/share/my_bot/description/robot.urdf.xacro
[0.298s] -- Up-to-date symlink: /home/an/ros2_ws/install/my_bot/share/my_bot/description/robot_core.xacro
[0.298s] -- Up-to-date symlink: /home/an/ros2_ws/install/my_bot/share/my_bot/launch/launch_sim.launch.py
[0.298s] -- Up-to-date symlink: /home/an/ros2_ws/install/my_bot/share/my_bot/launch/rsp.launch.py
[0.298s] -- Up-to-date symlink: /home/an/ros2_ws/install/my_bot/share/my_bot/worlds/empty.world
[0.298s] -- Up-to-date symlink: /home/an/ros2_ws/install/my_bot/share/my_bot/worlds/obstacles.world
[0.299s] -- Up-to-date symlink: /home/an/ros2_ws/install/my_bot/share/ament_index/resource_index/package_run_dependencies/my_bot
[0.299s] -- Up-to-date symlink: /home/an/ros2_ws/install/my_bot/share/ament_index/resource_index/parent_prefix_path/my_bot
[0.299s] -- Up-to-date symlink: /home/an/ros2_ws/install/my_bot/share/my_bot/environment/ament_prefix_path.sh
[0.299s] -- Up-to-date symlink: /home/an/ros2_ws/install/my_bot/share/my_bot/environment/ament_prefix_path.dsv
[0.299s] -- Up-to-date symlink: /home/an/ros2_ws/install/my_bot/share/my_bot/environment/path.sh
[0.299s] -- Up-to-date symlink: /home/an/ros2_ws/install/my_bot/share/my_bot/environment/path.dsv
[0.299s] -- Up-to-date symlink: /home/an/ros2_ws/install/my_bot/share/my_bot/local_setup.bash
[0.299s] -- Up-to-date symlink: /home/an/ros2_ws/install/my_bot/share/my_bot/local_setup.sh
[0.300s] -- Up-to-date symlink: /home/an/ros2_ws/install/my_bot/share/my_bot/local_setup.zsh
[0.300s] -- Up-to-date symlink: /home/an/ros2_ws/install/my_bot/share/my_bot/local_setup.dsv
[0.300s] -- Symlinking: /home/an/ros2_ws/install/my_bot/share/my_bot/package.dsv
[0.311s] -- Up-to-date symlink: /home/an/ros2_ws/install/my_bot/share/ament_index/resource_index/packages/my_bot
[0.311s] -- Up-to-date symlink: /home/an/ros2_ws/install/my_bot/share/my_bot/cmake/my_botConfig.cmake
[0.311s] -- Up-to-date symlink: /home/an/ros2_ws/install/my_bot/share/my_bot/cmake/my_botConfig-version.cmake
[0.311s] -- Up-to-date symlink: /home/an/ros2_ws/install/my_bot/share/my_bot/package.xml
[0.315s] Invoked command in '/home/an/ros2_ws/build/my_bot' returned '0': CMAKE_PREFIX_PATH=${CMAKE_PREFIX_PATH}:/home/an/ros2_ws/install/robotcd_pkg:/opt/ros/humble /usr/bin/cmake --install /home/an/ros2_ws/build/my_bot
