[0.018s] Invoking command in '/home/an/ros2_ws/build/velodyne_description': CMAKE_PREFIX_PATH=/opt/ros/humble /usr/bin/cmake /home/an/ros2_ws/src/velodyne_simulator/velodyne_description -DAMENT_CMAKE_SYMLINK_INSTALL=1 -DCMAKE_INSTALL_PREFIX=/home/an/ros2_ws/install/velodyne_description
[0.058s] -- Found ament_cmake: 1.3.11 (/opt/ros/humble/share/ament_cmake/cmake)
[0.183s] -- Override CMake install command with custom implementation using symlinks instead of copying resources
[0.264s] -- Configuring done
[0.271s] -- Generating done
[0.273s] -- Build files have been written to: /home/an/ros2_ws/build/velodyne_description
[0.277s] Invoked command in '/home/an/ros2_ws/build/velodyne_description' returned '0': CMAKE_PREFIX_PATH=/opt/ros/humble /usr/bin/cmake /home/an/ros2_ws/src/velodyne_simulator/velodyne_description -DAMENT_CMAKE_SYMLINK_INSTALL=1 -DCMAKE_INSTALL_PREFIX=/home/an/ros2_ws/install/velodyne_description
[0.279s] Invoking command in '/home/an/ros2_ws/build/velodyne_description': CMAKE_PREFIX_PATH=/opt/ros/humble /usr/bin/cmake --build /home/an/ros2_ws/build/velodyne_description -- -j12 -l12
[0.323s] Invoked command in '/home/an/ros2_ws/build/velodyne_description' returned '0': CMAKE_PREFIX_PATH=/opt/ros/humble /usr/bin/cmake --build /home/an/ros2_ws/build/velodyne_description -- -j12 -l12
[0.335s] Invoking command in '/home/an/ros2_ws/build/velodyne_description': CMAKE_PREFIX_PATH=/opt/ros/humble /usr/bin/cmake --install /home/an/ros2_ws/build/velodyne_description
[0.342s] -- Install configuration: ""
[0.342s] -- Execute custom install script
[0.343s] -- Symlinking: /home/an/ros2_ws/install/velodyne_description/share/velodyne_description/launch/example.launch.py
[0.354s] -- Symlinking: /home/an/ros2_ws/install/velodyne_description/share/velodyne_description/meshes/HDL32E_base.dae
[0.364s] -- Symlinking: /home/an/ros2_ws/install/velodyne_description/share/velodyne_description/meshes/HDL32E_base.stl
[0.374s] -- Symlinking: /home/an/ros2_ws/install/velodyne_description/share/velodyne_description/meshes/HDL32E_scan.dae
[0.385s] -- Symlinking: /home/an/ros2_ws/install/velodyne_description/share/velodyne_description/meshes/HDL32E_scan.stl
[0.395s] -- Symlinking: /home/an/ros2_ws/install/velodyne_description/share/velodyne_description/meshes/VLP16_base_1.dae
[0.405s] -- Symlinking: /home/an/ros2_ws/install/velodyne_description/share/velodyne_description/meshes/VLP16_base_1.stl
[0.415s] -- Symlinking: /home/an/ros2_ws/install/velodyne_description/share/velodyne_description/meshes/VLP16_base_2.dae
[0.425s] -- Symlinking: /home/an/ros2_ws/install/velodyne_description/share/velodyne_description/meshes/VLP16_base_2.stl
[0.435s] -- Symlinking: /home/an/ros2_ws/install/velodyne_description/share/velodyne_description/meshes/VLP16_scan.dae
[0.444s] -- Symlinking: /home/an/ros2_ws/install/velodyne_description/share/velodyne_description/meshes/VLP16_scan.stl
[0.455s] -- Symlinking: /home/an/ros2_ws/install/velodyne_description/share/velodyne_description/rviz/example.rviz
[0.466s] -- Symlinking: /home/an/ros2_ws/install/velodyne_description/share/velodyne_description/urdf/HDL-32E.urdf.xacro
[0.477s] -- Symlinking: /home/an/ros2_ws/install/velodyne_description/share/velodyne_description/urdf/VLP-16.urdf.xacro
[0.487s] -- Symlinking: /home/an/ros2_ws/install/velodyne_description/share/velodyne_description/urdf/example.urdf.xacro
[0.497s] -- Symlinking: /home/an/ros2_ws/install/velodyne_description/share/velodyne_description/world/example.world
[0.508s] -- Symlinking: /home/an/ros2_ws/install/velodyne_description/share/velodyne_description/environment/velodyne_description.dsv
[0.517s] -- Symlinking: /home/an/ros2_ws/install/velodyne_description/share/ament_index/resource_index/package_run_dependencies/velodyne_description
[0.528s] -- Symlinking: /home/an/ros2_ws/install/velodyne_description/share/ament_index/resource_index/parent_prefix_path/velodyne_description
[0.538s] -- Symlinking: /home/an/ros2_ws/install/velodyne_description/share/velodyne_description/environment/ament_prefix_path.sh
[0.547s] -- Symlinking: /home/an/ros2_ws/install/velodyne_description/share/velodyne_description/environment/ament_prefix_path.dsv
[0.557s] -- Symlinking: /home/an/ros2_ws/install/velodyne_description/share/velodyne_description/environment/path.sh
[0.567s] -- Symlinking: /home/an/ros2_ws/install/velodyne_description/share/velodyne_description/environment/path.dsv
[0.578s] -- Symlinking: /home/an/ros2_ws/install/velodyne_description/share/velodyne_description/local_setup.bash
[0.589s] -- Symlinking: /home/an/ros2_ws/install/velodyne_description/share/velodyne_description/local_setup.sh
[0.599s] -- Symlinking: /home/an/ros2_ws/install/velodyne_description/share/velodyne_description/local_setup.zsh
[0.609s] -- Symlinking: /home/an/ros2_ws/install/velodyne_description/share/velodyne_description/local_setup.dsv
[0.619s] -- Symlinking: /home/an/ros2_ws/install/velodyne_description/share/velodyne_description/package.dsv
[0.630s] -- Symlinking: /home/an/ros2_ws/install/velodyne_description/share/ament_index/resource_index/packages/velodyne_description
[0.641s] -- Symlinking: /home/an/ros2_ws/install/velodyne_description/share/velodyne_description/cmake/velodyne_descriptionConfig.cmake
[0.650s] -- Symlinking: /home/an/ros2_ws/install/velodyne_description/share/velodyne_description/cmake/velodyne_descriptionConfig-version.cmake
[0.660s] -- Symlinking: /home/an/ros2_ws/install/velodyne_description/share/velodyne_description/package.xml
[0.674s] Invoked command in '/home/an/ros2_ws/build/velodyne_description' returned '0': CMAKE_PREFIX_PATH=/opt/ros/humble /usr/bin/cmake --install /home/an/ros2_ws/build/velodyne_description
