[0.010s] Invoking command in '/home/an/ros2_ws/build/velodyne_simulator': AMENT_PREFIX_PATH=/home/an/ros2_ws/install/velodyne_gazebo_plugins:/home/an/ros2_ws/install/velodyne_description:${AMENT_PREFIX_PATH} CMAKE_PREFIX_PATH=/home/an/ros2_ws/install/velodyne_gazebo_plugins:/home/an/ros2_ws/install/velodyne_description:/opt/ros/humble LD_LIBRARY_PATH=/home/an/ros2_ws/install/velodyne_gazebo_plugins/lib:${LD_LIBRARY_PATH} /usr/bin/cmake /home/an/ros2_ws/src/velodyne_simulator/velodyne_simulator -DCMAKE_INSTALL_PREFIX=/home/an/ros2_ws/install/velodyne_simulator
[0.083s] -- The C compiler identification is GNU 11.4.0
[0.150s] -- The CXX compiler identification is GNU 11.4.0
[0.162s] -- Detecting C compiler ABI info
[0.248s] -- Detecting C compiler ABI info - done
[0.255s] -- Check for working C compiler: /usr/bin/cc - skipped
[0.255s] -- Detecting C compile features
[0.255s] -- Detecting C compile features - done
[0.259s] -- Detecting CXX compiler ABI info
[0.350s] -- Detecting CXX compiler ABI info - done
[0.356s] -- Check for working CXX compiler: /usr/bin/c++ - skipped
[0.356s] -- Detecting CXX compile features
[0.357s] -- Detecting CXX compile features - done
[0.360s] -- Found ament_cmake: 1.3.11 (/opt/ros/humble/share/ament_cmake/cmake)
[0.505s] -- Found Python3: /usr/bin/python3 (found version "3.10.12") found components: Interpreter 
[0.650s] -- Configuring done
[0.653s] -- Generating done
[0.654s] -- Build files have been written to: /home/an/ros2_ws/build/velodyne_simulator
[0.659s] Invoked command in '/home/an/ros2_ws/build/velodyne_simulator' returned '0': AMENT_PREFIX_PATH=/home/an/ros2_ws/install/velodyne_gazebo_plugins:/home/an/ros2_ws/install/velodyne_description:${AMENT_PREFIX_PATH} CMAKE_PREFIX_PATH=/home/an/ros2_ws/install/velodyne_gazebo_plugins:/home/an/ros2_ws/install/velodyne_description:/opt/ros/humble LD_LIBRARY_PATH=/home/an/ros2_ws/install/velodyne_gazebo_plugins/lib:${LD_LIBRARY_PATH} /usr/bin/cmake /home/an/ros2_ws/src/velodyne_simulator/velodyne_simulator -DCMAKE_INSTALL_PREFIX=/home/an/ros2_ws/install/velodyne_simulator
[0.661s] Invoking command in '/home/an/ros2_ws/build/velodyne_simulator': AMENT_PREFIX_PATH=/home/an/ros2_ws/install/velodyne_gazebo_plugins:/home/an/ros2_ws/install/velodyne_description:${AMENT_PREFIX_PATH} CMAKE_PREFIX_PATH=/home/an/ros2_ws/install/velodyne_gazebo_plugins:/home/an/ros2_ws/install/velodyne_description:/opt/ros/humble LD_LIBRARY_PATH=/home/an/ros2_ws/install/velodyne_gazebo_plugins/lib:${LD_LIBRARY_PATH} /usr/bin/cmake --build /home/an/ros2_ws/build/velodyne_simulator -- -j12 -l12
[0.707s] Invoked command in '/home/an/ros2_ws/build/velodyne_simulator' returned '0': AMENT_PREFIX_PATH=/home/an/ros2_ws/install/velodyne_gazebo_plugins:/home/an/ros2_ws/install/velodyne_description:${AMENT_PREFIX_PATH} CMAKE_PREFIX_PATH=/home/an/ros2_ws/install/velodyne_gazebo_plugins:/home/an/ros2_ws/install/velodyne_description:/opt/ros/humble LD_LIBRARY_PATH=/home/an/ros2_ws/install/velodyne_gazebo_plugins/lib:${LD_LIBRARY_PATH} /usr/bin/cmake --build /home/an/ros2_ws/build/velodyne_simulator -- -j12 -l12
[0.709s] Invoking command in '/home/an/ros2_ws/build/velodyne_simulator': AMENT_PREFIX_PATH=/home/an/ros2_ws/install/velodyne_gazebo_plugins:/home/an/ros2_ws/install/velodyne_description:${AMENT_PREFIX_PATH} CMAKE_PREFIX_PATH=/home/an/ros2_ws/install/velodyne_gazebo_plugins:/home/an/ros2_ws/install/velodyne_description:/opt/ros/humble LD_LIBRARY_PATH=/home/an/ros2_ws/install/velodyne_gazebo_plugins/lib:${LD_LIBRARY_PATH} /usr/bin/cmake --install /home/an/ros2_ws/build/velodyne_simulator
[0.718s] -- Install configuration: ""
[0.718s] -- Installing: /home/an/ros2_ws/install/velodyne_simulator/share/ament_index/resource_index/package_run_dependencies/velodyne_simulator
[0.718s] -- Installing: /home/an/ros2_ws/install/velodyne_simulator/share/ament_index/resource_index/parent_prefix_path/velodyne_simulator
[0.719s] -- Installing: /home/an/ros2_ws/install/velodyne_simulator/share/velodyne_simulator/environment/ament_prefix_path.sh
[0.719s] -- Installing: /home/an/ros2_ws/install/velodyne_simulator/share/velodyne_simulator/environment/ament_prefix_path.dsv
[0.719s] -- Installing: /home/an/ros2_ws/install/velodyne_simulator/share/velodyne_simulator/environment/path.sh
[0.719s] -- Installing: /home/an/ros2_ws/install/velodyne_simulator/share/velodyne_simulator/environment/path.dsv
[0.719s] -- Installing: /home/an/ros2_ws/install/velodyne_simulator/share/velodyne_simulator/local_setup.bash
[0.720s] -- Installing: /home/an/ros2_ws/install/velodyne_simulator/share/velodyne_simulator/local_setup.sh
[0.720s] -- Installing: /home/an/ros2_ws/install/velodyne_simulator/share/velodyne_simulator/local_setup.zsh
[0.720s] -- Installing: /home/an/ros2_ws/install/velodyne_simulator/share/velodyne_simulator/local_setup.dsv
[0.720s] -- Installing: /home/an/ros2_ws/install/velodyne_simulator/share/velodyne_simulator/package.dsv
[0.720s] -- Installing: /home/an/ros2_ws/install/velodyne_simulator/share/ament_index/resource_index/packages/velodyne_simulator
[0.720s] -- Installing: /home/an/ros2_ws/install/velodyne_simulator/share/velodyne_simulator/cmake/velodyne_simulatorConfig.cmake
[0.720s] -- Installing: /home/an/ros2_ws/install/velodyne_simulator/share/velodyne_simulator/cmake/velodyne_simulatorConfig-version.cmake
[0.720s] -- Installing: /home/an/ros2_ws/install/velodyne_simulator/share/velodyne_simulator/package.xml
[0.723s] Invoked command in '/home/an/ros2_ws/build/velodyne_simulator' returned '0': AMENT_PREFIX_PATH=/home/an/ros2_ws/install/velodyne_gazebo_plugins:/home/an/ros2_ws/install/velodyne_description:${AMENT_PREFIX_PATH} CMAKE_PREFIX_PATH=/home/an/ros2_ws/install/velodyne_gazebo_plugins:/home/an/ros2_ws/install/velodyne_description:/opt/ros/humble LD_LIBRARY_PATH=/home/an/ros2_ws/install/velodyne_gazebo_plugins/lib:${LD_LIBRARY_PATH} /usr/bin/cmake --install /home/an/ros2_ws/build/velodyne_simulator
