[0.018s] Invoking command in '/home/an/ros2_ws/build/velodyne_gazebo_plugins': CMAKE_PREFIX_PATH=/opt/ros/humble /usr/bin/cmake /home/an/ros2_ws/src/velodyne_simulator/velodyne_gazebo_plugins -DAMENT_CMAKE_SYMLINK_INSTALL=1 -DCMAKE_INSTALL_PREFIX=/home/an/ros2_ws/install/velodyne_gazebo_plugins
[0.049s] -- Found ament_cmake: 1.3.11 (/opt/ros/humble/share/ament_cmake/cmake)
[0.172s] -- Override CMake install command with custom implementation using symlinks instead of copying resources
[0.189s] -- Found gazebo_dev: 3.9.0 (/opt/ros/humble/share/gazebo_dev/cmake)
[0.238s] -- Found DART: /usr/include (Required is at least version "6.6") found components: dart 
[0.288s] -- Found Protobuf: /usr/lib/x86_64-linux-gnu/libprotobuf.so (found version "3.12.4") 
[0.292s] -- Looking for ignition-math6 -- found version 6.15.1
[0.299s] -- Searching for dependencies of ignition-math6
[0.302s] -- Looking for OGRE...
[0.309s] -- Found Ogre Ghadamon (1.9.0)
[0.309s] -- Found OGRE: optimized;/usr/lib/x86_64-linux-gnu/libOgreMain.so;debug;/usr/lib/x86_64-linux-gnu/libOgreMain.so
[0.319s] -- Looking for OGRE_Paging...
[0.319s] -- Found OGRE_Paging: optimized;/usr/lib/x86_64-linux-gnu/libOgrePaging.so;debug;/usr/lib/x86_64-linux-gnu/libOgrePaging.so
[0.319s] -- Looking for OGRE_Terrain...
[0.319s] -- Found OGRE_Terrain: optimized;/usr/lib/x86_64-linux-gnu/libOgreTerrain.so;debug;/usr/lib/x86_64-linux-gnu/libOgreTerrain.so
[0.319s] -- Looking for OGRE_Property...
[0.319s] -- Found OGRE_Property: optimized;/usr/lib/x86_64-linux-gnu/libOgreProperty.so;debug;/usr/lib/x86_64-linux-gnu/libOgreProperty.so
[0.319s] -- Looking for OGRE_RTShaderSystem...
[0.319s] -- Found OGRE_RTShaderSystem: optimized;/usr/lib/x86_64-linux-gnu/libOgreRTShaderSystem.so;debug;/usr/lib/x86_64-linux-gnu/libOgreRTShaderSystem.so
[0.319s] -- Looking for OGRE_Volume...
[0.319s] -- Found OGRE_Volume: optimized;/usr/lib/x86_64-linux-gnu/libOgreVolume.so;debug;/usr/lib/x86_64-linux-gnu/libOgreVolume.so
[0.320s] -- Looking for OGRE_Overlay...
[0.320s] -- Found OGRE_Overlay: optimized;/usr/lib/x86_64-linux-gnu/libOgreOverlay.so;debug;/usr/lib/x86_64-linux-gnu/libOgreOverlay.so
[0.439s] -- Looking for ignition-math6 -- found version 6.15.1
[0.441s] -- Looking for ignition-transport8 -- found version 8.2.1
[0.441s] -- Searching for dependencies of ignition-transport8
[0.462s] -- Found Protobuf: /usr/lib/x86_64-linux-gnu/libprotobuf.so (found suitable version "3.12.4", minimum required is "3") 
[0.474s] -- Config-file not installed for ZeroMQ -- checking for pkg-config
[0.480s] -- Checking for module 'libzmq >= 4'
[0.501s] --   Found libzmq , version 4.3.4
[0.562s] -- Checking for module 'uuid'
[0.581s] --   Found uuid, version 2.37.2
[0.636s] -- Looking for ignition-msgs5 -- found version 5.8.1
[0.636s] -- Searching for dependencies of ignition-msgs5
[0.657s] -- Looking for ignition-math6 -- found version 6.15.1
[0.663s] -- Checking for module 'tinyxml2'
[0.681s] --   Found tinyxml2, version 9.0.0
[0.735s] -- Looking for ignition-msgs5 -- found version 5.8.1
[0.736s] -- Looking for ignition-common3 -- found version 3.14.0
[0.737s] -- Searching for dependencies of ignition-common3
[0.737s] -- Looking for dlfcn.h - found
[0.737s] -- Looking for libdl - found
[0.751s] -- Searching for <ignition-common3> component [graphics]
[0.752s] -- Looking for ignition-common3-graphics -- found version 3.14.0
[0.752s] -- Searching for dependencies of ignition-common3-graphics
[0.752s] -- Looking for ignition-math6 -- found version 6.15.1
[0.754s] -- Looking for ignition-fuel_tools4 -- found version 4.4.0
[0.754s] -- Searching for dependencies of ignition-fuel_tools4
[0.804s] -- Checking for module 'jsoncpp'
[0.828s] --   Found jsoncpp, version 1.9.5
[0.894s] -- Checking for module 'libzip'
[0.915s] --   Found libzip, version 1.7.3
[0.976s] -- Looking for ignition-common3 -- found version 3.14.0
[0.976s] -- Looking for ignition-math6 -- found version 6.15.1
[0.977s] -- Looking for ignition-msgs5 -- found version 5.8.1
[0.980s] -- Gazebo version: 11.10
[0.981s] -- Found gazebo_ros: 3.9.0 (/opt/ros/humble/share/gazebo_ros/cmake)
[1.015s] -- Found rosidl_generator_c: 3.1.6 (/opt/ros/humble/share/rosidl_generator_c/cmake)
[1.018s] -- Found rosidl_adapter: 3.1.6 (/opt/ros/humble/share/rosidl_adapter/cmake)
[1.025s] -- Found rosidl_generator_cpp: 3.1.6 (/opt/ros/humble/share/rosidl_generator_cpp/cmake)
[1.037s] -- Using all available rosidl_typesupport_c: rosidl_typesupport_fastrtps_c;rosidl_typesupport_introspection_c
[1.051s] -- Using all available rosidl_typesupport_cpp: rosidl_typesupport_fastrtps_cpp;rosidl_typesupport_introspection_cpp
[1.089s] -- Found rmw_implementation_cmake: 6.1.2 (/opt/ros/humble/share/rmw_implementation_cmake/cmake)
[1.091s] -- Found rmw_fastrtps_cpp: 6.2.7 (/opt/ros/humble/share/rmw_fastrtps_cpp/cmake)
[1.204s] -- Using RMW implementation 'rmw_fastrtps_cpp' as default
[1.262s] -- Found gazebo_msgs: 3.9.0 (/opt/ros/humble/share/gazebo_msgs/cmake)
[1.314s] -- Found sensor_msgs: 4.8.0 (/opt/ros/humble/share/sensor_msgs/cmake)
[1.400s] -- Configuring done
[1.459s] -- Generating done
[1.464s] -- Build files have been written to: /home/an/ros2_ws/build/velodyne_gazebo_plugins
[1.475s] Invoked command in '/home/an/ros2_ws/build/velodyne_gazebo_plugins' returned '0': CMAKE_PREFIX_PATH=/opt/ros/humble /usr/bin/cmake /home/an/ros2_ws/src/velodyne_simulator/velodyne_gazebo_plugins -DAMENT_CMAKE_SYMLINK_INSTALL=1 -DCMAKE_INSTALL_PREFIX=/home/an/ros2_ws/install/velodyne_gazebo_plugins
[1.477s] Invoking command in '/home/an/ros2_ws/build/velodyne_gazebo_plugins': CMAKE_PREFIX_PATH=/opt/ros/humble /usr/bin/cmake --build /home/an/ros2_ws/build/velodyne_gazebo_plugins -- -j12 -l12
[1.525s] [35m[1mConsolidate compiler generated dependencies of target gazebo_ros_velodyne_laser[0m
[1.637s] [ 50%] [32m[1mLinking CXX shared library libgazebo_ros_velodyne_laser.so[0m
[2.597s] [100%] Built target gazebo_ros_velodyne_laser
[2.610s] Invoked command in '/home/an/ros2_ws/build/velodyne_gazebo_plugins' returned '0': CMAKE_PREFIX_PATH=/opt/ros/humble /usr/bin/cmake --build /home/an/ros2_ws/build/velodyne_gazebo_plugins -- -j12 -l12
[2.612s] Invoking command in '/home/an/ros2_ws/build/velodyne_gazebo_plugins': CMAKE_PREFIX_PATH=/opt/ros/humble /usr/bin/cmake --install /home/an/ros2_ws/build/velodyne_gazebo_plugins
[2.619s] -- Install configuration: ""
[2.619s] -- Execute custom install script
[2.620s] -- Symlinking: /home/an/ros2_ws/install/velodyne_gazebo_plugins/lib/libgazebo_ros_velodyne_laser.so
[2.630s] -- Symlinking: /home/an/ros2_ws/install/velodyne_gazebo_plugins/include/velodyne_gazebo_plugins/GazeboRosVelodyneLaser.hpp
[2.640s] -- Symlinking: /home/an/ros2_ws/install/velodyne_gazebo_plugins/share/velodyne_gazebo_plugins/environment/library_path.sh
[2.649s] -- Symlinking: /home/an/ros2_ws/install/velodyne_gazebo_plugins/share/velodyne_gazebo_plugins/environment/library_path.dsv
[2.659s] -- Symlinking: /home/an/ros2_ws/install/velodyne_gazebo_plugins/share/ament_index/resource_index/package_run_dependencies/velodyne_gazebo_plugins
[2.670s] -- Symlinking: /home/an/ros2_ws/install/velodyne_gazebo_plugins/share/ament_index/resource_index/parent_prefix_path/velodyne_gazebo_plugins
[2.680s] -- Symlinking: /home/an/ros2_ws/install/velodyne_gazebo_plugins/share/velodyne_gazebo_plugins/environment/ament_prefix_path.sh
[2.690s] -- Symlinking: /home/an/ros2_ws/install/velodyne_gazebo_plugins/share/velodyne_gazebo_plugins/environment/ament_prefix_path.dsv
[2.699s] -- Symlinking: /home/an/ros2_ws/install/velodyne_gazebo_plugins/share/velodyne_gazebo_plugins/environment/path.sh
[2.710s] -- Symlinking: /home/an/ros2_ws/install/velodyne_gazebo_plugins/share/velodyne_gazebo_plugins/environment/path.dsv
[2.720s] -- Symlinking: /home/an/ros2_ws/install/velodyne_gazebo_plugins/share/velodyne_gazebo_plugins/local_setup.bash
[2.730s] -- Symlinking: /home/an/ros2_ws/install/velodyne_gazebo_plugins/share/velodyne_gazebo_plugins/local_setup.sh
[2.740s] -- Symlinking: /home/an/ros2_ws/install/velodyne_gazebo_plugins/share/velodyne_gazebo_plugins/local_setup.zsh
[2.751s] -- Symlinking: /home/an/ros2_ws/install/velodyne_gazebo_plugins/share/velodyne_gazebo_plugins/local_setup.dsv
[2.761s] -- Symlinking: /home/an/ros2_ws/install/velodyne_gazebo_plugins/share/velodyne_gazebo_plugins/package.dsv
[2.772s] -- Symlinking: /home/an/ros2_ws/install/velodyne_gazebo_plugins/share/ament_index/resource_index/packages/velodyne_gazebo_plugins
[2.782s] -- Symlinking: /home/an/ros2_ws/install/velodyne_gazebo_plugins/share/velodyne_gazebo_plugins/cmake/ament_cmake_export_include_directories-extras.cmake
[2.793s] -- Symlinking: /home/an/ros2_ws/install/velodyne_gazebo_plugins/share/velodyne_gazebo_plugins/cmake/ament_cmake_export_libraries-extras.cmake
[2.805s] -- Symlinking: /home/an/ros2_ws/install/velodyne_gazebo_plugins/share/velodyne_gazebo_plugins/cmake/ament_cmake_export_dependencies-extras.cmake
[2.815s] -- Symlinking: /home/an/ros2_ws/install/velodyne_gazebo_plugins/share/velodyne_gazebo_plugins/cmake/velodyne_gazebo_pluginsConfig.cmake
[2.825s] -- Symlinking: /home/an/ros2_ws/install/velodyne_gazebo_plugins/share/velodyne_gazebo_plugins/cmake/velodyne_gazebo_pluginsConfig-version.cmake
[2.837s] -- Symlinking: /home/an/ros2_ws/install/velodyne_gazebo_plugins/share/velodyne_gazebo_plugins/package.xml
[2.849s] Invoked command in '/home/an/ros2_ws/build/velodyne_gazebo_plugins' returned '0': CMAKE_PREFIX_PATH=/opt/ros/humble /usr/bin/cmake --install /home/an/ros2_ws/build/velodyne_gazebo_plugins
