[0.013s] Invoking command in '/home/an/ros2_ws/build/velodyne_simulator': CMAKE_PREFIX_PATH=/home/an/ros2_ws/install/velodyne_gazebo_plugins:/home/an/ros2_ws/install/velodyne_description:/home/an/ros2_ws/install/velodyne_simulator:/home/an/ros2_ws/install/my_bot:/home/an/ros2_ws/install/robotcd_pkg:/opt/ros/humble /usr/bin/cmake --build /home/an/ros2_ws/build/velodyne_simulator -- -j12 -l12
[0.055s] Invoked command in '/home/an/ros2_ws/build/velodyne_simulator' returned '0': CMAKE_PREFIX_PATH=/home/an/ros2_ws/install/velodyne_gazebo_plugins:/home/an/ros2_ws/install/velodyne_description:/home/an/ros2_ws/install/velodyne_simulator:/home/an/ros2_ws/install/my_bot:/home/an/ros2_ws/install/robotcd_pkg:/opt/ros/humble /usr/bin/cmake --build /home/an/ros2_ws/build/velodyne_simulator -- -j12 -l12
[0.058s] Invoking command in '/home/an/ros2_ws/build/velodyne_simulator': CMAKE_PREFIX_PATH=/home/an/ros2_ws/install/velodyne_gazebo_plugins:/home/an/ros2_ws/install/velodyne_description:/home/an/ros2_ws/install/velodyne_simulator:/home/an/ros2_ws/install/my_bot:/home/an/ros2_ws/install/robotcd_pkg:/opt/ros/humble /usr/bin/cmake --install /home/an/ros2_ws/build/velodyne_simulator
[0.068s] -- Install configuration: ""
[0.068s] -- Execute custom install script
[0.068s] -- Up-to-date symlink: /home/an/ros2_ws/install/velodyne_simulator/share/ament_index/resource_index/package_run_dependencies/velodyne_simulator
[0.068s] -- Up-to-date symlink: /home/an/ros2_ws/install/velodyne_simulator/share/ament_index/resource_index/parent_prefix_path/velodyne_simulator
[0.069s] -- Up-to-date symlink: /home/an/ros2_ws/install/velodyne_simulator/share/velodyne_simulator/environment/ament_prefix_path.sh
[0.069s] -- Up-to-date symlink: /home/an/ros2_ws/install/velodyne_simulator/share/velodyne_simulator/environment/ament_prefix_path.dsv
[0.069s] -- Up-to-date symlink: /home/an/ros2_ws/install/velodyne_simulator/share/velodyne_simulator/environment/path.sh
[0.069s] -- Up-to-date symlink: /home/an/ros2_ws/install/velodyne_simulator/share/velodyne_simulator/environment/path.dsv
[0.069s] -- Up-to-date symlink: /home/an/ros2_ws/install/velodyne_simulator/share/velodyne_simulator/local_setup.bash
[0.070s] -- Up-to-date symlink: /home/an/ros2_ws/install/velodyne_simulator/share/velodyne_simulator/local_setup.sh
[0.070s] -- Up-to-date symlink: /home/an/ros2_ws/install/velodyne_simulator/share/velodyne_simulator/local_setup.zsh
[0.070s] -- Up-to-date symlink: /home/an/ros2_ws/install/velodyne_simulator/share/velodyne_simulator/local_setup.dsv
[0.070s] -- Symlinking: /home/an/ros2_ws/install/velodyne_simulator/share/velodyne_simulator/package.dsv
[0.083s] -- Up-to-date symlink: /home/an/ros2_ws/install/velodyne_simulator/share/ament_index/resource_index/packages/velodyne_simulator
[0.083s] -- Up-to-date symlink: /home/an/ros2_ws/install/velodyne_simulator/share/velodyne_simulator/cmake/velodyne_simulatorConfig.cmake
[0.083s] -- Up-to-date symlink: /home/an/ros2_ws/install/velodyne_simulator/share/velodyne_simulator/cmake/velodyne_simulatorConfig-version.cmake
[0.083s] -- Up-to-date symlink: /home/an/ros2_ws/install/velodyne_simulator/share/velodyne_simulator/package.xml
[0.086s] Invoked command in '/home/an/ros2_ws/build/velodyne_simulator' returned '0': CMAKE_PREFIX_PATH=/home/an/ros2_ws/install/velodyne_gazebo_plugins:/home/an/ros2_ws/install/velodyne_description:/home/an/ros2_ws/install/velodyne_simulator:/home/an/ros2_ws/install/my_bot:/home/an/ros2_ws/install/robotcd_pkg:/opt/ros/humble /usr/bin/cmake --install /home/an/ros2_ws/build/velodyne_simulator
