[0.659s] Invoking command in '/home/an/ros2_ws/build/robotcd_pkg': PYTHONPATH=/home/an/ros2_ws/build/robotcd_pkg/prefix_override:/usr/lib/python3/dist-packages/colcon_core/task/python/colcon_distutils_commands:/home/an/ros2_ws/install/robotcd_pkg/lib/python3.10/site-packages:${PYTHONPATH} /usr/bin/python3 -W ignore:setup.py install is deprecated -W ignore:easy_install command is deprecated setup.py develop --editable --build-directory /home/an/ros2_ws/build/robotcd_pkg/build --no-deps symlink_data
[0.894s] running develop
[1.062s] running egg_info
[1.062s] creating robotcd_pkg.egg-info
[1.063s] writing robotcd_pkg.egg-info/PKG-INFO
[1.063s] writing dependency_links to robotcd_pkg.egg-info/dependency_links.txt
[1.063s] writing entry points to robotcd_pkg.egg-info/entry_points.txt
[1.063s] writing requirements to robotcd_pkg.egg-info/requires.txt
[1.063s] writing top-level names to robotcd_pkg.egg-info/top_level.txt
[1.063s] writing manifest file 'robotcd_pkg.egg-info/SOURCES.txt'
[1.065s] reading manifest file 'robotcd_pkg.egg-info/SOURCES.txt'
[1.065s] writing manifest file 'robotcd_pkg.egg-info/SOURCES.txt'
[1.067s] running build_ext
[1.067s] Creating /home/an/ros2_ws/install/robotcd_pkg/lib/python3.10/site-packages/robotcd-pkg.egg-link (link to .)
[1.068s] 
[1.068s] Installed /home/an/ros2_ws/build/robotcd_pkg
[1.068s] running symlink_data
[1.068s] creating /home/an/ros2_ws/install/robotcd_pkg/share/ament_index
[1.068s] creating /home/an/ros2_ws/install/robotcd_pkg/share/ament_index/resource_index
[1.068s] creating /home/an/ros2_ws/install/robotcd_pkg/share/ament_index/resource_index/packages
[1.068s] symbolically linking /home/an/ros2_ws/build/robotcd_pkg/resource/robotcd_pkg -> /home/an/ros2_ws/install/robotcd_pkg/share/ament_index/resource_index/packages
[1.068s] symbolically linking /home/an/ros2_ws/build/robotcd_pkg/package.xml -> /home/an/ros2_ws/install/robotcd_pkg/share/robotcd_pkg
[1.068s] creating /home/an/ros2_ws/install/robotcd_pkg/share/robotcd_pkg/launch
[1.068s] symbolically linking /home/an/ros2_ws/build/robotcd_pkg/launch/my_robot_world.launch.py -> /home/an/ros2_ws/install/robotcd_pkg/share/robotcd_pkg/launch
[1.068s] creating /home/an/ros2_ws/install/robotcd_pkg/share/robotcd_pkg/worlds
[1.068s] symbolically linking /home/an/ros2_ws/build/robotcd_pkg/worlds/house.world -> /home/an/ros2_ws/install/robotcd_pkg/share/robotcd_pkg/worlds
[1.069s] creating /home/an/ros2_ws/install/robotcd_pkg/share/robotcd_pkg/models
[1.069s] symbolically linking /home/an/ros2_ws/build/robotcd_pkg/models/model.sdf -> /home/an/ros2_ws/install/robotcd_pkg/share/robotcd_pkg/models
[1.114s] Invoked command in '/home/an/ros2_ws/build/robotcd_pkg' returned '0': PYTHONPATH=/home/an/ros2_ws/build/robotcd_pkg/prefix_override:/usr/lib/python3/dist-packages/colcon_core/task/python/colcon_distutils_commands:/home/an/ros2_ws/install/robotcd_pkg/lib/python3.10/site-packages:${PYTHONPATH} /usr/bin/python3 -W ignore:setup.py install is deprecated -W ignore:easy_install command is deprecated setup.py develop --editable --build-directory /home/an/ros2_ws/build/robotcd_pkg/build --no-deps symlink_data
