[0.042s] Invoking command in '/home/an/ros2_ws/build/velodyne_gazebo_plugins': CMAKE_PREFIX_PATH=/opt/ros/humble /usr/bin/cmake /home/an/ros2_ws/src/velodyne_simulator/velodyne_gazebo_plugins -DCMAKE_INSTALL_PREFIX=/home/an/ros2_ws/install/velodyne_gazebo_plugins
[0.206s] -- The C compiler identification is GNU 11.4.0
[0.370s] -- The CXX compiler identification is GNU 11.4.0
[0.393s] -- Detecting C compiler ABI info
[0.578s] -- Detecting C compiler ABI info - done
[0.601s] -- Check for working C compiler: /usr/bin/cc - skipped
[0.602s] -- Detecting C compile features
[0.603s] -- Detecting C compile features - done
[0.611s] -- Detecting CXX compiler ABI info
[0.829s] -- Detecting CXX compiler ABI info - done
[0.849s] -- Check for working CXX compiler: /usr/bin/c++ - skipped
[0.850s] -- Detecting CXX compile features
[0.851s] -- Detecting CXX compile features - done
[0.856s] -- Found ament_cmake: 1.3.11 (/opt/ros/humble/share/ament_cmake/cmake)
[1.259s] -- Found Python3: /usr/bin/python3 (found version "3.10.12") found components: Interpreter 
[1.498s] -- Found gazebo_dev: 3.9.0 (/opt/ros/humble/share/gazebo_dev/cmake)
[1.515s] -- Found PkgConfig: /usr/bin/pkg-config (found version "0.29.2") 
[1.526s] -- Checking for module 'bullet>=2.82'
[1.561s] --   Found bullet, version 3.05
[1.864s] -- Found fcl: /usr/include (found suitable version "0.7.0", minimum required is "0.5.0") 
[2.006s] -- Found assimp: /usr/include (found version "5.2.0") 
[2.057s] -- Found DART: /usr/include (Required is at least version "6.6") found components: dart 
[2.497s] -- Found Boost: /usr/lib/x86_64-linux-gnu/cmake/Boost-1.74.0/BoostConfig.cmake (found suitable version "1.74.0", minimum required is "1.40.0") found components: thread system filesystem program_options regex iostreams date_time 
[2.543s] -- Found Protobuf: /usr/lib/x86_64-linux-gnu/libprotobuf.so (found version "3.12.4") 
[2.554s] -- Looking for ignition-math6 -- found version 6.15.1
[2.568s] -- Searching for dependencies of ignition-math6
[2.572s] -- Looking for OGRE...
[2.573s] -- OGRE_PREFIX_WATCH changed.
[2.586s] -- Checking for module 'OGRE'
[2.622s] --   Found OGRE, version 1.9.0
[2.717s] -- Found Ogre Ghadamon (1.9.0)
[2.741s] -- Found OGRE: optimized;/usr/lib/x86_64-linux-gnu/libOgreMain.so;debug;/usr/lib/x86_64-linux-gnu/libOgreMain.so
[2.765s] -- Looking for OGRE_Paging...
[2.776s] -- Found OGRE_Paging: optimized;/usr/lib/x86_64-linux-gnu/libOgrePaging.so;debug;/usr/lib/x86_64-linux-gnu/libOgrePaging.so
[2.776s] -- Looking for OGRE_Terrain...
[2.786s] -- Found OGRE_Terrain: optimized;/usr/lib/x86_64-linux-gnu/libOgreTerrain.so;debug;/usr/lib/x86_64-linux-gnu/libOgreTerrain.so
[2.786s] -- Looking for OGRE_Property...
[2.796s] -- Found OGRE_Property: optimized;/usr/lib/x86_64-linux-gnu/libOgreProperty.so;debug;/usr/lib/x86_64-linux-gnu/libOgreProperty.so
[2.796s] -- Looking for OGRE_RTShaderSystem...
[2.807s] -- Found OGRE_RTShaderSystem: optimized;/usr/lib/x86_64-linux-gnu/libOgreRTShaderSystem.so;debug;/usr/lib/x86_64-linux-gnu/libOgreRTShaderSystem.so
[2.807s] -- Looking for OGRE_Volume...
[2.816s] -- Found OGRE_Volume: optimized;/usr/lib/x86_64-linux-gnu/libOgreVolume.so;debug;/usr/lib/x86_64-linux-gnu/libOgreVolume.so
[2.817s] -- Looking for OGRE_Overlay...
[2.827s] -- Found OGRE_Overlay: optimized;/usr/lib/x86_64-linux-gnu/libOgreOverlay.so;debug;/usr/lib/x86_64-linux-gnu/libOgreOverlay.so
[3.072s] -- Looking for ignition-math6 -- found version 6.15.1
[3.077s] -- Looking for ignition-transport8 -- found version 8.2.1
[3.078s] -- Searching for dependencies of ignition-transport8
[3.126s] -- Found Protobuf: /usr/lib/x86_64-linux-gnu/libprotobuf.so (found suitable version "3.12.4", minimum required is "3") 
[3.158s] -- Config-file not installed for ZeroMQ -- checking for pkg-config
[3.170s] -- Checking for module 'libzmq >= 4'
[3.212s] --   Found libzmq , version 4.3.4
[3.320s] -- Found ZeroMQ: TRUE (Required is at least version "4") 
[3.335s] -- Checking for module 'uuid'
[3.372s] --   Found uuid, version 2.37.2
[3.470s] -- Found UUID: TRUE  
[3.475s] -- Looking for ignition-msgs5 -- found version 5.8.1
[3.476s] -- Searching for dependencies of ignition-msgs5
[3.527s] -- Looking for ignition-math6 -- found version 6.15.1
[3.541s] -- Checking for module 'tinyxml2'
[3.578s] --   Found tinyxml2, version 9.0.0
[3.678s] -- Looking for ignition-msgs5 -- found version 5.8.1
[3.683s] -- Looking for ignition-common3 -- found version 3.14.0
[3.684s] -- Searching for dependencies of ignition-common3
[3.684s] -- Looking for dlfcn.h - found
[3.686s] -- Looking for libdl - found
[3.689s] -- Found DL: TRUE  
[3.715s] -- Found tinyobjloader: /usr/lib/x86_64-linux-gnu/cmake/tinyobjloader/tinyobjloader-config.cmake (found version "2.0.0") 
[3.717s] -- Searching for <ignition-common3> component [graphics]
[3.722s] -- Looking for ignition-common3-graphics -- found version 3.14.0
[3.723s] -- Searching for dependencies of ignition-common3-graphics
[3.724s] -- Looking for ignition-math6 -- found version 6.15.1
[3.730s] -- Looking for ignition-fuel_tools4 -- found version 4.4.0
[3.731s] -- Searching for dependencies of ignition-fuel_tools4
[3.950s] -- Found CURL: /usr/lib/x86_64-linux-gnu/libcurl.so (found version "7.81.0")  
[3.972s] -- Checking for module 'jsoncpp'
[4.009s] --   Found jsoncpp, version 1.9.5
[4.109s] -- Found JSONCPP: TRUE  
[4.125s] -- Checking for module 'libzip'
[4.162s] --   Found libzip, version 1.7.3
[4.263s] -- Found ZIP: TRUE  
[4.264s] -- Looking for ignition-common3 -- found version 3.14.0
[4.265s] -- Looking for ignition-math6 -- found version 6.15.1
[4.266s] -- Looking for ignition-msgs5 -- found version 5.8.1
[4.274s] -- Gazebo version: 11.10
[4.274s] -- Checking for module 'tbb'
[4.312s] --   Found tbb, version 2021.5.0
[4.413s] -- Found gazebo_ros: 3.9.0 (/opt/ros/humble/share/gazebo_ros/cmake)
[4.505s] -- Found rosidl_generator_c: 3.1.6 (/opt/ros/humble/share/rosidl_generator_c/cmake)
[4.518s] -- Found rosidl_adapter: 3.1.6 (/opt/ros/humble/share/rosidl_adapter/cmake)
[4.539s] -- Found rosidl_generator_cpp: 3.1.6 (/opt/ros/humble/share/rosidl_generator_cpp/cmake)
[4.570s] -- Using all available rosidl_typesupport_c: rosidl_typesupport_fastrtps_c;rosidl_typesupport_introspection_c
[4.610s] -- Using all available rosidl_typesupport_cpp: rosidl_typesupport_fastrtps_cpp;rosidl_typesupport_introspection_cpp
[4.717s] -- Found rmw_implementation_cmake: 6.1.2 (/opt/ros/humble/share/rmw_implementation_cmake/cmake)
[4.724s] -- Found rmw_fastrtps_cpp: 6.2.7 (/opt/ros/humble/share/rmw_fastrtps_cpp/cmake)
[4.975s] -- Found OpenSSL: /usr/lib/x86_64-linux-gnu/libcrypto.so (found version "3.0.2")  
[5.039s] -- Found FastRTPS: /opt/ros/humble/include  
[5.152s] -- Using RMW implementation 'rmw_fastrtps_cpp' as default
[5.173s] -- Found Threads: TRUE  
[5.307s] -- Found gazebo_msgs: 3.9.0 (/opt/ros/humble/share/gazebo_msgs/cmake)
[5.454s] -- Found sensor_msgs: 4.8.0 (/opt/ros/humble/share/sensor_msgs/cmake)
[5.704s] -- Configuring done
[5.799s] -- Generating done
[5.814s] -- Build files have been written to: /home/an/ros2_ws/build/velodyne_gazebo_plugins
[5.843s] Invoked command in '/home/an/ros2_ws/build/velodyne_gazebo_plugins' returned '0': CMAKE_PREFIX_PATH=/opt/ros/humble /usr/bin/cmake /home/an/ros2_ws/src/velodyne_simulator/velodyne_gazebo_plugins -DCMAKE_INSTALL_PREFIX=/home/an/ros2_ws/install/velodyne_gazebo_plugins
[5.848s] Invoking command in '/home/an/ros2_ws/build/velodyne_gazebo_plugins': CMAKE_PREFIX_PATH=/opt/ros/humble /usr/bin/cmake --build /home/an/ros2_ws/build/velodyne_gazebo_plugins -- -j12 -l12
[5.983s] [ 50%] [32mBuilding CXX object CMakeFiles/gazebo_ros_velodyne_laser.dir/src/GazeboRosVelodyneLaser.cpp.o[0m
[21.972s] [100%] [32m[1mLinking CXX shared library libgazebo_ros_velodyne_laser.so[0m
[22.890s] [100%] Built target gazebo_ros_velodyne_laser
[22.905s] Invoked command in '/home/an/ros2_ws/build/velodyne_gazebo_plugins' returned '0': CMAKE_PREFIX_PATH=/opt/ros/humble /usr/bin/cmake --build /home/an/ros2_ws/build/velodyne_gazebo_plugins -- -j12 -l12
[22.907s] Invoking command in '/home/an/ros2_ws/build/velodyne_gazebo_plugins': CMAKE_PREFIX_PATH=/opt/ros/humble /usr/bin/cmake --install /home/an/ros2_ws/build/velodyne_gazebo_plugins
[22.915s] -- Install configuration: ""
[22.915s] -- Installing: /home/an/ros2_ws/install/velodyne_gazebo_plugins/lib/libgazebo_ros_velodyne_laser.so
[22.920s] -- Set runtime path of "/home/an/ros2_ws/install/velodyne_gazebo_plugins/lib/libgazebo_ros_velodyne_laser.so" to ""
[22.920s] -- Installing: /home/an/ros2_ws/install/velodyne_gazebo_plugins/include/velodyne_gazebo_plugins
[22.920s] -- Installing: /home/an/ros2_ws/install/velodyne_gazebo_plugins/include/velodyne_gazebo_plugins/GazeboRosVelodyneLaser.hpp
[22.920s] -- Installing: /home/an/ros2_ws/install/velodyne_gazebo_plugins/share/velodyne_gazebo_plugins/environment/library_path.sh
[22.920s] -- Installing: /home/an/ros2_ws/install/velodyne_gazebo_plugins/share/velodyne_gazebo_plugins/environment/library_path.dsv
[22.921s] -- Installing: /home/an/ros2_ws/install/velodyne_gazebo_plugins/share/ament_index/resource_index/package_run_dependencies/velodyne_gazebo_plugins
[22.921s] -- Installing: /home/an/ros2_ws/install/velodyne_gazebo_plugins/share/ament_index/resource_index/parent_prefix_path/velodyne_gazebo_plugins
[22.921s] -- Installing: /home/an/ros2_ws/install/velodyne_gazebo_plugins/share/velodyne_gazebo_plugins/environment/ament_prefix_path.sh
[22.921s] -- Installing: /home/an/ros2_ws/install/velodyne_gazebo_plugins/share/velodyne_gazebo_plugins/environment/ament_prefix_path.dsv
[22.921s] -- Installing: /home/an/ros2_ws/install/velodyne_gazebo_plugins/share/velodyne_gazebo_plugins/environment/path.sh
[22.922s] -- Installing: /home/an/ros2_ws/install/velodyne_gazebo_plugins/share/velodyne_gazebo_plugins/environment/path.dsv
[22.922s] -- Installing: /home/an/ros2_ws/install/velodyne_gazebo_plugins/share/velodyne_gazebo_plugins/local_setup.bash
[22.922s] -- Installing: /home/an/ros2_ws/install/velodyne_gazebo_plugins/share/velodyne_gazebo_plugins/local_setup.sh
[22.922s] -- Installing: /home/an/ros2_ws/install/velodyne_gazebo_plugins/share/velodyne_gazebo_plugins/local_setup.zsh
[22.922s] -- Installing: /home/an/ros2_ws/install/velodyne_gazebo_plugins/share/velodyne_gazebo_plugins/local_setup.dsv
[22.922s] -- Installing: /home/an/ros2_ws/install/velodyne_gazebo_plugins/share/velodyne_gazebo_plugins/package.dsv
[22.923s] -- Installing: /home/an/ros2_ws/install/velodyne_gazebo_plugins/share/ament_index/resource_index/packages/velodyne_gazebo_plugins
[22.923s] -- Installing: /home/an/ros2_ws/install/velodyne_gazebo_plugins/share/velodyne_gazebo_plugins/cmake/ament_cmake_export_include_directories-extras.cmake
[22.923s] -- Installing: /home/an/ros2_ws/install/velodyne_gazebo_plugins/share/velodyne_gazebo_plugins/cmake/ament_cmake_export_libraries-extras.cmake
[22.923s] -- Installing: /home/an/ros2_ws/install/velodyne_gazebo_plugins/share/velodyne_gazebo_plugins/cmake/ament_cmake_export_dependencies-extras.cmake
[22.923s] -- Installing: /home/an/ros2_ws/install/velodyne_gazebo_plugins/share/velodyne_gazebo_plugins/cmake/velodyne_gazebo_pluginsConfig.cmake
[22.923s] -- Installing: /home/an/ros2_ws/install/velodyne_gazebo_plugins/share/velodyne_gazebo_plugins/cmake/velodyne_gazebo_pluginsConfig-version.cmake
[22.924s] -- Installing: /home/an/ros2_ws/install/velodyne_gazebo_plugins/share/velodyne_gazebo_plugins/package.xml
[22.927s] Invoked command in '/home/an/ros2_ws/build/velodyne_gazebo_plugins' returned '0': CMAKE_PREFIX_PATH=/opt/ros/humble /usr/bin/cmake --install /home/an/ros2_ws/build/velodyne_gazebo_plugins
