-- Found ament_cmake: 1.3.11 (/opt/ros/humble/share/ament_cmake/cmake)
-- Override CMake install command with custom implementation using symlinks instead of copying resources
-- Configuring done
-- Generating done
-- Build files have been written to: /home/an/ros2_ws/build/velodyne_simulator
-- Install configuration: ""
-- Execute custom install script
-- Symlinking: /home/an/ros2_ws/install/velodyne_simulator/share/ament_index/resource_index/package_run_dependencies/velodyne_simulator
-- Symlinking: /home/an/ros2_ws/install/velodyne_simulator/share/ament_index/resource_index/parent_prefix_path/velodyne_simulator
-- Symlinking: /home/an/ros2_ws/install/velodyne_simulator/share/velodyne_simulator/environment/ament_prefix_path.sh
-- Symlinking: /home/an/ros2_ws/install/velodyne_simulator/share/velodyne_simulator/environment/ament_prefix_path.dsv
-- Symlinking: /home/an/ros2_ws/install/velodyne_simulator/share/velodyne_simulator/environment/path.sh
-- Symlinking: /home/an/ros2_ws/install/velodyne_simulator/share/velodyne_simulator/environment/path.dsv
-- Symlinking: /home/an/ros2_ws/install/velodyne_simulator/share/velodyne_simulator/local_setup.bash
-- Symlinking: /home/an/ros2_ws/install/velodyne_simulator/share/velodyne_simulator/local_setup.sh
-- Symlinking: /home/an/ros2_ws/install/velodyne_simulator/share/velodyne_simulator/local_setup.zsh
-- Symlinking: /home/an/ros2_ws/install/velodyne_simulator/share/velodyne_simulator/local_setup.dsv
-- Symlinking: /home/an/ros2_ws/install/velodyne_simulator/share/velodyne_simulator/package.dsv
-- Symlinking: /home/an/ros2_ws/install/velodyne_simulator/share/ament_index/resource_index/packages/velodyne_simulator
-- Symlinking: /home/an/ros2_ws/install/velodyne_simulator/share/velodyne_simulator/cmake/velodyne_simulatorConfig.cmake
-- Symlinking: /home/an/ros2_ws/install/velodyne_simulator/share/velodyne_simulator/cmake/velodyne_simulatorConfig-version.cmake
-- Symlinking: /home/an/ros2_ws/install/velodyne_simulator/share/velodyne_simulator/package.xml
