[0.011s] Invoking command in '/home/an/ros2_ws/build/velodyne_simulator': AMENT_PREFIX_PATH=/home/an/ros2_ws/install/velodyne_gazebo_plugins:/home/an/ros2_ws/install/velodyne_description:${AMENT_PREFIX_PATH} CMAKE_PREFIX_PATH=/home/an/ros2_ws/install/velodyne_gazebo_plugins:/home/an/ros2_ws/install/velodyne_description:/opt/ros/humble LD_LIBRARY_PATH=/home/an/ros2_ws/install/velodyne_gazebo_plugins/lib:${LD_LIBRARY_PATH} /usr/bin/cmake /home/an/ros2_ws/src/velodyne_simulator/velodyne_simulator -DAMENT_CMAKE_SYMLINK_INSTALL=1 -DCMAKE_INSTALL_PREFIX=/home/an/ros2_ws/install/velodyne_simulator
[0.023s] -- Found ament_cmake: 1.3.11 (/opt/ros/humble/share/ament_cmake/cmake)
[0.131s] -- Override CMake install command with custom implementation using symlinks instead of copying resources
[0.197s] -- Configuring done
[0.201s] -- Generating done
[0.203s] -- Build files have been written to: /home/an/ros2_ws/build/velodyne_simulator
[0.207s] Invoked command in '/home/an/ros2_ws/build/velodyne_simulator' returned '0': AMENT_PREFIX_PATH=/home/an/ros2_ws/install/velodyne_gazebo_plugins:/home/an/ros2_ws/install/velodyne_description:${AMENT_PREFIX_PATH} CMAKE_PREFIX_PATH=/home/an/ros2_ws/install/velodyne_gazebo_plugins:/home/an/ros2_ws/install/velodyne_description:/opt/ros/humble LD_LIBRARY_PATH=/home/an/ros2_ws/install/velodyne_gazebo_plugins/lib:${LD_LIBRARY_PATH} /usr/bin/cmake /home/an/ros2_ws/src/velodyne_simulator/velodyne_simulator -DAMENT_CMAKE_SYMLINK_INSTALL=1 -DCMAKE_INSTALL_PREFIX=/home/an/ros2_ws/install/velodyne_simulator
[0.209s] Invoking command in '/home/an/ros2_ws/build/velodyne_simulator': AMENT_PREFIX_PATH=/home/an/ros2_ws/install/velodyne_gazebo_plugins:/home/an/ros2_ws/install/velodyne_description:${AMENT_PREFIX_PATH} CMAKE_PREFIX_PATH=/home/an/ros2_ws/install/velodyne_gazebo_plugins:/home/an/ros2_ws/install/velodyne_description:/opt/ros/humble LD_LIBRARY_PATH=/home/an/ros2_ws/install/velodyne_gazebo_plugins/lib:${LD_LIBRARY_PATH} /usr/bin/cmake --build /home/an/ros2_ws/build/velodyne_simulator -- -j12 -l12
[0.250s] Invoked command in '/home/an/ros2_ws/build/velodyne_simulator' returned '0': AMENT_PREFIX_PATH=/home/an/ros2_ws/install/velodyne_gazebo_plugins:/home/an/ros2_ws/install/velodyne_description:${AMENT_PREFIX_PATH} CMAKE_PREFIX_PATH=/home/an/ros2_ws/install/velodyne_gazebo_plugins:/home/an/ros2_ws/install/velodyne_description:/opt/ros/humble LD_LIBRARY_PATH=/home/an/ros2_ws/install/velodyne_gazebo_plugins/lib:${LD_LIBRARY_PATH} /usr/bin/cmake --build /home/an/ros2_ws/build/velodyne_simulator -- -j12 -l12
[0.251s] Invoking command in '/home/an/ros2_ws/build/velodyne_simulator': AMENT_PREFIX_PATH=/home/an/ros2_ws/install/velodyne_gazebo_plugins:/home/an/ros2_ws/install/velodyne_description:${AMENT_PREFIX_PATH} CMAKE_PREFIX_PATH=/home/an/ros2_ws/install/velodyne_gazebo_plugins:/home/an/ros2_ws/install/velodyne_description:/opt/ros/humble LD_LIBRARY_PATH=/home/an/ros2_ws/install/velodyne_gazebo_plugins/lib:${LD_LIBRARY_PATH} /usr/bin/cmake --install /home/an/ros2_ws/build/velodyne_simulator
[0.259s] -- Install configuration: ""
[0.260s] -- Execute custom install script
[0.260s] -- Symlinking: /home/an/ros2_ws/install/velodyne_simulator/share/ament_index/resource_index/package_run_dependencies/velodyne_simulator
[0.271s] -- Symlinking: /home/an/ros2_ws/install/velodyne_simulator/share/ament_index/resource_index/parent_prefix_path/velodyne_simulator
[0.281s] -- Symlinking: /home/an/ros2_ws/install/velodyne_simulator/share/velodyne_simulator/environment/ament_prefix_path.sh
[0.292s] -- Symlinking: /home/an/ros2_ws/install/velodyne_simulator/share/velodyne_simulator/environment/ament_prefix_path.dsv
[0.302s] -- Symlinking: /home/an/ros2_ws/install/velodyne_simulator/share/velodyne_simulator/environment/path.sh
[0.313s] -- Symlinking: /home/an/ros2_ws/install/velodyne_simulator/share/velodyne_simulator/environment/path.dsv
[0.323s] -- Symlinking: /home/an/ros2_ws/install/velodyne_simulator/share/velodyne_simulator/local_setup.bash
[0.334s] -- Symlinking: /home/an/ros2_ws/install/velodyne_simulator/share/velodyne_simulator/local_setup.sh
[0.344s] -- Symlinking: /home/an/ros2_ws/install/velodyne_simulator/share/velodyne_simulator/local_setup.zsh
[0.355s] -- Symlinking: /home/an/ros2_ws/install/velodyne_simulator/share/velodyne_simulator/local_setup.dsv
[0.365s] -- Symlinking: /home/an/ros2_ws/install/velodyne_simulator/share/velodyne_simulator/package.dsv
[0.377s] -- Symlinking: /home/an/ros2_ws/install/velodyne_simulator/share/ament_index/resource_index/packages/velodyne_simulator
[0.387s] -- Symlinking: /home/an/ros2_ws/install/velodyne_simulator/share/velodyne_simulator/cmake/velodyne_simulatorConfig.cmake
[0.397s] -- Symlinking: /home/an/ros2_ws/install/velodyne_simulator/share/velodyne_simulator/cmake/velodyne_simulatorConfig-version.cmake
[0.407s] -- Symlinking: /home/an/ros2_ws/install/velodyne_simulator/share/velodyne_simulator/package.xml
[0.421s] Invoked command in '/home/an/ros2_ws/build/velodyne_simulator' returned '0': AMENT_PREFIX_PATH=/home/an/ros2_ws/install/velodyne_gazebo_plugins:/home/an/ros2_ws/install/velodyne_description:${AMENT_PREFIX_PATH} CMAKE_PREFIX_PATH=/home/an/ros2_ws/install/velodyne_gazebo_plugins:/home/an/ros2_ws/install/velodyne_description:/opt/ros/humble LD_LIBRARY_PATH=/home/an/ros2_ws/install/velodyne_gazebo_plugins/lib:${LD_LIBRARY_PATH} /usr/bin/cmake --install /home/an/ros2_ws/build/velodyne_simulator
