[0.019s] Invoking command in '/home/an/ros2_ws/build/my_bot': CMAKE_PREFIX_PATH=/opt/ros/humble /usr/bin/cmake /home/an/ros2_ws/src/mobile-3d-lidar-sim/my_bot -DAMENT_CMAKE_SYMLINK_INSTALL=1 -DCMAKE_INSTALL_PREFIX=/home/an/ros2_ws/install/my_bot
[0.046s] -- Found ament_cmake: 1.3.11 (/opt/ros/humble/share/ament_cmake/cmake)
[0.171s] -- Override CMake install command with custom implementation using symlinks instead of copying resources
[0.186s] -- Found ament_lint_auto: 0.12.12 (/opt/ros/humble/share/ament_lint_auto/cmake)
[0.261s] -- Added test 'copyright' to check source files copyright and LICENSE
[0.268s] -- Added test 'flake8' to check Python code syntax and style conventions
[0.268s] -- Added test 'lint_cmake' to check CMake code style
[0.268s] -- Added test 'pep257' to check Python code against some of the docstring style conventions in PEP 257
[0.269s] -- Added test 'xmllint' to check XML markup files
[0.270s] -- Configuring done
[0.277s] -- Generating done
[0.279s] -- Build files have been written to: /home/an/ros2_ws/build/my_bot
[0.282s] Invoked command in '/home/an/ros2_ws/build/my_bot' returned '0': CMAKE_PREFIX_PATH=/opt/ros/humble /usr/bin/cmake /home/an/ros2_ws/src/mobile-3d-lidar-sim/my_bot -DAMENT_CMAKE_SYMLINK_INSTALL=1 -DCMAKE_INSTALL_PREFIX=/home/an/ros2_ws/install/my_bot
[0.284s] Invoking command in '/home/an/ros2_ws/build/my_bot': CMAKE_PREFIX_PATH=/opt/ros/humble /usr/bin/cmake --build /home/an/ros2_ws/build/my_bot -- -j12 -l12
[0.326s] Invoked command in '/home/an/ros2_ws/build/my_bot' returned '0': CMAKE_PREFIX_PATH=/opt/ros/humble /usr/bin/cmake --build /home/an/ros2_ws/build/my_bot -- -j12 -l12
[0.328s] Invoking command in '/home/an/ros2_ws/build/my_bot': CMAKE_PREFIX_PATH=/opt/ros/humble /usr/bin/cmake --install /home/an/ros2_ws/build/my_bot
[0.336s] -- Install configuration: ""
[0.336s] -- Execute custom install script
[0.337s] -- Symlinking: /home/an/ros2_ws/install/my_bot/share/my_bot/config/empty.yaml
[0.347s] -- Symlinking: /home/an/ros2_ws/install/my_bot/share/my_bot/description/gazebo_control.xacro
[0.357s] -- Symlinking: /home/an/ros2_ws/install/my_bot/share/my_bot/description/inertial_macros.xacro
[0.367s] -- Symlinking: /home/an/ros2_ws/install/my_bot/share/my_bot/description/lidar.xacro
[0.378s] -- Symlinking: /home/an/ros2_ws/install/my_bot/share/my_bot/description/robot.urdf.xacro
[0.388s] -- Symlinking: /home/an/ros2_ws/install/my_bot/share/my_bot/description/robot_core.xacro
[0.400s] -- Symlinking: /home/an/ros2_ws/install/my_bot/share/my_bot/launch/launch_sim.launch.py
[0.410s] -- Symlinking: /home/an/ros2_ws/install/my_bot/share/my_bot/launch/rsp.launch.py
[0.421s] -- Symlinking: /home/an/ros2_ws/install/my_bot/share/my_bot/worlds/empty.world
[0.432s] -- Symlinking: /home/an/ros2_ws/install/my_bot/share/my_bot/worlds/obstacles.world
[0.443s] -- Symlinking: /home/an/ros2_ws/install/my_bot/share/ament_index/resource_index/package_run_dependencies/my_bot
[0.454s] -- Symlinking: /home/an/ros2_ws/install/my_bot/share/ament_index/resource_index/parent_prefix_path/my_bot
[0.465s] -- Symlinking: /home/an/ros2_ws/install/my_bot/share/my_bot/environment/ament_prefix_path.sh
[0.475s] -- Symlinking: /home/an/ros2_ws/install/my_bot/share/my_bot/environment/ament_prefix_path.dsv
[0.485s] -- Symlinking: /home/an/ros2_ws/install/my_bot/share/my_bot/environment/path.sh
[0.495s] -- Symlinking: /home/an/ros2_ws/install/my_bot/share/my_bot/environment/path.dsv
[0.505s] -- Symlinking: /home/an/ros2_ws/install/my_bot/share/my_bot/local_setup.bash
[0.515s] -- Symlinking: /home/an/ros2_ws/install/my_bot/share/my_bot/local_setup.sh
[0.525s] -- Symlinking: /home/an/ros2_ws/install/my_bot/share/my_bot/local_setup.zsh
[0.535s] -- Symlinking: /home/an/ros2_ws/install/my_bot/share/my_bot/local_setup.dsv
[0.545s] -- Symlinking: /home/an/ros2_ws/install/my_bot/share/my_bot/package.dsv
[0.555s] -- Symlinking: /home/an/ros2_ws/install/my_bot/share/ament_index/resource_index/packages/my_bot
[0.567s] -- Symlinking: /home/an/ros2_ws/install/my_bot/share/my_bot/cmake/my_botConfig.cmake
[0.578s] -- Symlinking: /home/an/ros2_ws/install/my_bot/share/my_bot/cmake/my_botConfig-version.cmake
[0.588s] -- Symlinking: /home/an/ros2_ws/install/my_bot/share/my_bot/package.xml
[0.600s] Invoked command in '/home/an/ros2_ws/build/my_bot' returned '0': CMAKE_PREFIX_PATH=/opt/ros/humble /usr/bin/cmake --install /home/an/ros2_ws/build/my_bot
