[0.248s] DEBUG:colcon:Command line arguments: ['/usr/bin/colcon', 'build']
[0.248s] DEBUG:colcon:Parsed command line arguments: Namespace(log_base=None, log_level=None, verb_name='build', build_base='build', install_base='install', merge_install=False, symlink_install=False, test_result_base=None, continue_on_error=False, executor='parallel', parallel_workers=12, event_handlers=None, ignore_user_meta=False, metas=['./colcon.meta'], base_paths=['.'], packages_ignore=None, packages_ignore_regex=None, paths=None, packages_up_to=None, packages_up_to_regex=None, packages_above=None, packages_above_and_dependencies=None, packages_above_depth=None, packages_select_by_dep=None, packages_skip_by_dep=None, packages_skip_up_to=None, packages_select_build_failed=False, packages_skip_build_finished=False, packages_select_test_failures=False, packages_skip_test_passed=False, packages_select=None, packages_skip=None, packages_select_regex=None, packages_skip_regex=None, packages_start=None, packages_end=None, allow_overriding=[], cmake_args=None, cmake_target=None, cmake_target_skip_unavailable=False, cmake_clean_cache=False, cmake_clean_first=False, cmake_force_configure=False, ament_cmake_args=None, catkin_cmake_args=None, catkin_skip_building_tests=False, mixin_files=None, mixin=None, verb_parser=<colcon_mixin.mixin.mixin_argument.MixinArgumentDecorator object at 0x76ab75c598d0>, verb_extension=<colcon_core.verb.build.BuildVerb object at 0x76ab75c59150>, main=<bound method BuildVerb.main of <colcon_core.verb.build.BuildVerb object at 0x76ab75c59150>>, mixin_verb=('build',))
[0.631s] Level 1:colcon.colcon_core.package_discovery:discover_packages(colcon_meta) check parameters
[0.631s] Level 1:colcon.colcon_core.package_discovery:discover_packages(recursive) check parameters
[0.632s] Level 1:colcon.colcon_core.package_discovery:discover_packages(ignore) check parameters
[0.632s] Level 1:colcon.colcon_core.package_discovery:discover_packages(path) check parameters
[0.632s] Level 1:colcon.colcon_core.package_discovery:discover_packages(colcon_meta) discover
[0.632s] Level 1:colcon.colcon_core.package_discovery:discover_packages(recursive) discover
[0.632s] INFO:colcon.colcon_core.package_discovery:Crawling recursively for packages in '/home/an/ros2_ws'
[0.632s] Level 1:colcon.colcon_core.package_identification:_identify(.) by extensions ['ignore', 'ignore_ament_install']
[0.632s] Level 1:colcon.colcon_core.package_identification:_identify(.) by extension 'ignore'
[0.632s] Level 1:colcon.colcon_core.package_identification:_identify(.) by extension 'ignore_ament_install'
[0.633s] Level 1:colcon.colcon_core.package_identification:_identify(.) by extensions ['colcon_pkg']
[0.633s] Level 1:colcon.colcon_core.package_identification:_identify(.) by extension 'colcon_pkg'
[0.633s] Level 1:colcon.colcon_core.package_identification:_identify(.) by extensions ['colcon_meta']
[0.633s] Level 1:colcon.colcon_core.package_identification:_identify(.) by extension 'colcon_meta'
[0.633s] Level 1:colcon.colcon_core.package_identification:_identify(.) by extensions ['ros']
[0.633s] Level 1:colcon.colcon_core.package_identification:_identify(.) by extension 'ros'
[0.659s] Level 1:colcon.colcon_core.package_identification:_identify(.) by extensions ['cmake', 'python']
[0.659s] Level 1:colcon.colcon_core.package_identification:_identify(.) by extension 'cmake'
[0.659s] Level 1:colcon.colcon_core.package_identification:_identify(.) by extension 'python'
[0.659s] Level 1:colcon.colcon_core.package_identification:_identify(.) by extensions ['python_setup_py']
[0.659s] Level 1:colcon.colcon_core.package_identification:_identify(.) by extension 'python_setup_py'
[0.660s] Level 1:colcon.colcon_core.package_identification:_identify(build) by extensions ['ignore', 'ignore_ament_install']
[0.660s] Level 1:colcon.colcon_core.package_identification:_identify(build) by extension 'ignore'
[0.660s] Level 1:colcon.colcon_core.package_identification:_identify(build) ignored
[0.660s] Level 1:colcon.colcon_core.package_identification:_identify(install) by extensions ['ignore', 'ignore_ament_install']
[0.660s] Level 1:colcon.colcon_core.package_identification:_identify(install) by extension 'ignore'
[0.660s] Level 1:colcon.colcon_core.package_identification:_identify(install) ignored
[0.661s] Level 1:colcon.colcon_core.package_identification:_identify(log) by extensions ['ignore', 'ignore_ament_install']
[0.661s] Level 1:colcon.colcon_core.package_identification:_identify(log) by extension 'ignore'
[0.661s] Level 1:colcon.colcon_core.package_identification:_identify(log) ignored
[0.661s] Level 1:colcon.colcon_core.package_identification:_identify(src) by extensions ['ignore', 'ignore_ament_install']
[0.661s] Level 1:colcon.colcon_core.package_identification:_identify(src) by extension 'ignore'
[0.661s] Level 1:colcon.colcon_core.package_identification:_identify(src) by extension 'ignore_ament_install'
[0.661s] Level 1:colcon.colcon_core.package_identification:_identify(src) by extensions ['colcon_pkg']
[0.662s] Level 1:colcon.colcon_core.package_identification:_identify(src) by extension 'colcon_pkg'
[0.662s] Level 1:colcon.colcon_core.package_identification:_identify(src) by extensions ['colcon_meta']
[0.662s] Level 1:colcon.colcon_core.package_identification:_identify(src) by extension 'colcon_meta'
[0.662s] Level 1:colcon.colcon_core.package_identification:_identify(src) by extensions ['ros']
[0.662s] Level 1:colcon.colcon_core.package_identification:_identify(src) by extension 'ros'
[0.662s] Level 1:colcon.colcon_core.package_identification:_identify(src) by extensions ['cmake', 'python']
[0.662s] Level 1:colcon.colcon_core.package_identification:_identify(src) by extension 'cmake'
[0.662s] Level 1:colcon.colcon_core.package_identification:_identify(src) by extension 'python'
[0.662s] Level 1:colcon.colcon_core.package_identification:_identify(src) by extensions ['python_setup_py']
[0.662s] Level 1:colcon.colcon_core.package_identification:_identify(src) by extension 'python_setup_py'
[0.663s] Level 1:colcon.colcon_core.package_identification:_identify(src/mobile-3d-lidar-sim) by extensions ['ignore', 'ignore_ament_install']
[0.663s] Level 1:colcon.colcon_core.package_identification:_identify(src/mobile-3d-lidar-sim) by extension 'ignore'
[0.663s] Level 1:colcon.colcon_core.package_identification:_identify(src/mobile-3d-lidar-sim) by extension 'ignore_ament_install'
[0.663s] Level 1:colcon.colcon_core.package_identification:_identify(src/mobile-3d-lidar-sim) by extensions ['colcon_pkg']
[0.663s] Level 1:colcon.colcon_core.package_identification:_identify(src/mobile-3d-lidar-sim) by extension 'colcon_pkg'
[0.663s] Level 1:colcon.colcon_core.package_identification:_identify(src/mobile-3d-lidar-sim) by extensions ['colcon_meta']
[0.663s] Level 1:colcon.colcon_core.package_identification:_identify(src/mobile-3d-lidar-sim) by extension 'colcon_meta'
[0.663s] Level 1:colcon.colcon_core.package_identification:_identify(src/mobile-3d-lidar-sim) by extensions ['ros']
[0.663s] Level 1:colcon.colcon_core.package_identification:_identify(src/mobile-3d-lidar-sim) by extension 'ros'
[0.664s] Level 1:colcon.colcon_core.package_identification:_identify(src/mobile-3d-lidar-sim) by extensions ['cmake', 'python']
[0.664s] Level 1:colcon.colcon_core.package_identification:_identify(src/mobile-3d-lidar-sim) by extension 'cmake'
[0.664s] Level 1:colcon.colcon_core.package_identification:_identify(src/mobile-3d-lidar-sim) by extension 'python'
[0.664s] Level 1:colcon.colcon_core.package_identification:_identify(src/mobile-3d-lidar-sim) by extensions ['python_setup_py']
[0.664s] Level 1:colcon.colcon_core.package_identification:_identify(src/mobile-3d-lidar-sim) by extension 'python_setup_py'
[0.664s] Level 1:colcon.colcon_core.package_identification:_identify(src/mobile-3d-lidar-sim/img) by extensions ['ignore', 'ignore_ament_install']
[0.664s] Level 1:colcon.colcon_core.package_identification:_identify(src/mobile-3d-lidar-sim/img) by extension 'ignore'
[0.664s] Level 1:colcon.colcon_core.package_identification:_identify(src/mobile-3d-lidar-sim/img) by extension 'ignore_ament_install'
[0.665s] Level 1:colcon.colcon_core.package_identification:_identify(src/mobile-3d-lidar-sim/img) by extensions ['colcon_pkg']
[0.665s] Level 1:colcon.colcon_core.package_identification:_identify(src/mobile-3d-lidar-sim/img) by extension 'colcon_pkg'
[0.665s] Level 1:colcon.colcon_core.package_identification:_identify(src/mobile-3d-lidar-sim/img) by extensions ['colcon_meta']
[0.665s] Level 1:colcon.colcon_core.package_identification:_identify(src/mobile-3d-lidar-sim/img) by extension 'colcon_meta'
[0.665s] Level 1:colcon.colcon_core.package_identification:_identify(src/mobile-3d-lidar-sim/img) by extensions ['ros']
[0.665s] Level 1:colcon.colcon_core.package_identification:_identify(src/mobile-3d-lidar-sim/img) by extension 'ros'
[0.665s] Level 1:colcon.colcon_core.package_identification:_identify(src/mobile-3d-lidar-sim/img) by extensions ['cmake', 'python']
[0.665s] Level 1:colcon.colcon_core.package_identification:_identify(src/mobile-3d-lidar-sim/img) by extension 'cmake'
[0.665s] Level 1:colcon.colcon_core.package_identification:_identify(src/mobile-3d-lidar-sim/img) by extension 'python'
[0.665s] Level 1:colcon.colcon_core.package_identification:_identify(src/mobile-3d-lidar-sim/img) by extensions ['python_setup_py']
[0.665s] Level 1:colcon.colcon_core.package_identification:_identify(src/mobile-3d-lidar-sim/img) by extension 'python_setup_py'
[0.666s] Level 1:colcon.colcon_core.package_identification:_identify(src/mobile-3d-lidar-sim/my_bot) by extensions ['ignore', 'ignore_ament_install']
[0.666s] Level 1:colcon.colcon_core.package_identification:_identify(src/mobile-3d-lidar-sim/my_bot) by extension 'ignore'
[0.666s] Level 1:colcon.colcon_core.package_identification:_identify(src/mobile-3d-lidar-sim/my_bot) by extension 'ignore_ament_install'
[0.666s] Level 1:colcon.colcon_core.package_identification:_identify(src/mobile-3d-lidar-sim/my_bot) by extensions ['colcon_pkg']
[0.666s] Level 1:colcon.colcon_core.package_identification:_identify(src/mobile-3d-lidar-sim/my_bot) by extension 'colcon_pkg'
[0.666s] Level 1:colcon.colcon_core.package_identification:_identify(src/mobile-3d-lidar-sim/my_bot) by extensions ['colcon_meta']
[0.666s] Level 1:colcon.colcon_core.package_identification:_identify(src/mobile-3d-lidar-sim/my_bot) by extension 'colcon_meta'
[0.666s] Level 1:colcon.colcon_core.package_identification:_identify(src/mobile-3d-lidar-sim/my_bot) by extensions ['ros']
[0.666s] Level 1:colcon.colcon_core.package_identification:_identify(src/mobile-3d-lidar-sim/my_bot) by extension 'ros'
[0.672s] DEBUG:colcon.colcon_core.package_identification:Package 'src/mobile-3d-lidar-sim/my_bot' with type 'ros.ament_cmake' and name 'my_bot'
[0.672s] Level 1:colcon.colcon_core.package_identification:_identify(src/velodyne_simulator) by extensions ['ignore', 'ignore_ament_install']
[0.673s] Level 1:colcon.colcon_core.package_identification:_identify(src/velodyne_simulator) by extension 'ignore'
[0.673s] Level 1:colcon.colcon_core.package_identification:_identify(src/velodyne_simulator) by extension 'ignore_ament_install'
[0.673s] Level 1:colcon.colcon_core.package_identification:_identify(src/velodyne_simulator) by extensions ['colcon_pkg']
[0.673s] Level 1:colcon.colcon_core.package_identification:_identify(src/velodyne_simulator) by extension 'colcon_pkg'
[0.673s] Level 1:colcon.colcon_core.package_identification:_identify(src/velodyne_simulator) by extensions ['colcon_meta']
[0.673s] Level 1:colcon.colcon_core.package_identification:_identify(src/velodyne_simulator) by extension 'colcon_meta'
[0.673s] Level 1:colcon.colcon_core.package_identification:_identify(src/velodyne_simulator) by extensions ['ros']
[0.673s] Level 1:colcon.colcon_core.package_identification:_identify(src/velodyne_simulator) by extension 'ros'
[0.673s] Level 1:colcon.colcon_core.package_identification:_identify(src/velodyne_simulator) by extensions ['cmake', 'python']
[0.673s] Level 1:colcon.colcon_core.package_identification:_identify(src/velodyne_simulator) by extension 'cmake'
[0.673s] Level 1:colcon.colcon_core.package_identification:_identify(src/velodyne_simulator) by extension 'python'
[0.674s] Level 1:colcon.colcon_core.package_identification:_identify(src/velodyne_simulator) by extensions ['python_setup_py']
[0.674s] Level 1:colcon.colcon_core.package_identification:_identify(src/velodyne_simulator) by extension 'python_setup_py'
[0.674s] Level 1:colcon.colcon_core.package_identification:_identify(src/velodyne_simulator/img) by extensions ['ignore', 'ignore_ament_install']
[0.674s] Level 1:colcon.colcon_core.package_identification:_identify(src/velodyne_simulator/img) by extension 'ignore'
[0.674s] Level 1:colcon.colcon_core.package_identification:_identify(src/velodyne_simulator/img) by extension 'ignore_ament_install'
[0.674s] Level 1:colcon.colcon_core.package_identification:_identify(src/velodyne_simulator/img) by extensions ['colcon_pkg']
[0.674s] Level 1:colcon.colcon_core.package_identification:_identify(src/velodyne_simulator/img) by extension 'colcon_pkg'
[0.674s] Level 1:colcon.colcon_core.package_identification:_identify(src/velodyne_simulator/img) by extensions ['colcon_meta']
[0.675s] Level 1:colcon.colcon_core.package_identification:_identify(src/velodyne_simulator/img) by extension 'colcon_meta'
[0.675s] Level 1:colcon.colcon_core.package_identification:_identify(src/velodyne_simulator/img) by extensions ['ros']
[0.675s] Level 1:colcon.colcon_core.package_identification:_identify(src/velodyne_simulator/img) by extension 'ros'
[0.675s] Level 1:colcon.colcon_core.package_identification:_identify(src/velodyne_simulator/img) by extensions ['cmake', 'python']
[0.675s] Level 1:colcon.colcon_core.package_identification:_identify(src/velodyne_simulator/img) by extension 'cmake'
[0.675s] Level 1:colcon.colcon_core.package_identification:_identify(src/velodyne_simulator/img) by extension 'python'
[0.675s] Level 1:colcon.colcon_core.package_identification:_identify(src/velodyne_simulator/img) by extensions ['python_setup_py']
[0.675s] Level 1:colcon.colcon_core.package_identification:_identify(src/velodyne_simulator/img) by extension 'python_setup_py'
[0.675s] Level 1:colcon.colcon_core.package_identification:_identify(src/velodyne_simulator/velodyne_description) by extensions ['ignore', 'ignore_ament_install']
[0.676s] Level 1:colcon.colcon_core.package_identification:_identify(src/velodyne_simulator/velodyne_description) by extension 'ignore'
[0.676s] Level 1:colcon.colcon_core.package_identification:_identify(src/velodyne_simulator/velodyne_description) by extension 'ignore_ament_install'
[0.676s] Level 1:colcon.colcon_core.package_identification:_identify(src/velodyne_simulator/velodyne_description) by extensions ['colcon_pkg']
[0.676s] Level 1:colcon.colcon_core.package_identification:_identify(src/velodyne_simulator/velodyne_description) by extension 'colcon_pkg'
[0.676s] Level 1:colcon.colcon_core.package_identification:_identify(src/velodyne_simulator/velodyne_description) by extensions ['colcon_meta']
[0.676s] Level 1:colcon.colcon_core.package_identification:_identify(src/velodyne_simulator/velodyne_description) by extension 'colcon_meta'
[0.676s] Level 1:colcon.colcon_core.package_identification:_identify(src/velodyne_simulator/velodyne_description) by extensions ['ros']
[0.676s] Level 1:colcon.colcon_core.package_identification:_identify(src/velodyne_simulator/velodyne_description) by extension 'ros'
[0.677s] DEBUG:colcon.colcon_core.package_identification:Package 'src/velodyne_simulator/velodyne_description' with type 'ros.ament_cmake' and name 'velodyne_description'
[0.678s] Level 1:colcon.colcon_core.package_identification:_identify(src/velodyne_simulator/velodyne_gazebo_plugins) by extensions ['ignore', 'ignore_ament_install']
[0.678s] Level 1:colcon.colcon_core.package_identification:_identify(src/velodyne_simulator/velodyne_gazebo_plugins) by extension 'ignore'
[0.678s] Level 1:colcon.colcon_core.package_identification:_identify(src/velodyne_simulator/velodyne_gazebo_plugins) by extension 'ignore_ament_install'
[0.678s] Level 1:colcon.colcon_core.package_identification:_identify(src/velodyne_simulator/velodyne_gazebo_plugins) by extensions ['colcon_pkg']
[0.678s] Level 1:colcon.colcon_core.package_identification:_identify(src/velodyne_simulator/velodyne_gazebo_plugins) by extension 'colcon_pkg'
[0.678s] Level 1:colcon.colcon_core.package_identification:_identify(src/velodyne_simulator/velodyne_gazebo_plugins) by extensions ['colcon_meta']
[0.678s] Level 1:colcon.colcon_core.package_identification:_identify(src/velodyne_simulator/velodyne_gazebo_plugins) by extension 'colcon_meta'
[0.679s] Level 1:colcon.colcon_core.package_identification:_identify(src/velodyne_simulator/velodyne_gazebo_plugins) by extensions ['ros']
[0.679s] Level 1:colcon.colcon_core.package_identification:_identify(src/velodyne_simulator/velodyne_gazebo_plugins) by extension 'ros'
[0.680s] DEBUG:colcon.colcon_core.package_identification:Package 'src/velodyne_simulator/velodyne_gazebo_plugins' with type 'ros.ament_cmake' and name 'velodyne_gazebo_plugins'
[0.681s] Level 1:colcon.colcon_core.package_identification:_identify(src/velodyne_simulator/velodyne_simulator) by extensions ['ignore', 'ignore_ament_install']
[0.681s] Level 1:colcon.colcon_core.package_identification:_identify(src/velodyne_simulator/velodyne_simulator) by extension 'ignore'
[0.681s] Level 1:colcon.colcon_core.package_identification:_identify(src/velodyne_simulator/velodyne_simulator) by extension 'ignore_ament_install'
[0.681s] Level 1:colcon.colcon_core.package_identification:_identify(src/velodyne_simulator/velodyne_simulator) by extensions ['colcon_pkg']
[0.681s] Level 1:colcon.colcon_core.package_identification:_identify(src/velodyne_simulator/velodyne_simulator) by extension 'colcon_pkg'
[0.681s] Level 1:colcon.colcon_core.package_identification:_identify(src/velodyne_simulator/velodyne_simulator) by extensions ['colcon_meta']
[0.681s] Level 1:colcon.colcon_core.package_identification:_identify(src/velodyne_simulator/velodyne_simulator) by extension 'colcon_meta'
[0.681s] Level 1:colcon.colcon_core.package_identification:_identify(src/velodyne_simulator/velodyne_simulator) by extensions ['ros']
[0.681s] Level 1:colcon.colcon_core.package_identification:_identify(src/velodyne_simulator/velodyne_simulator) by extension 'ros'
[0.683s] DEBUG:colcon.colcon_core.package_identification:Package 'src/velodyne_simulator/velodyne_simulator' with type 'ros.ament_cmake' and name 'velodyne_simulator'
[0.683s] Level 1:colcon.colcon_core.package_discovery:discover_packages(recursive) using defaults
[0.683s] Level 1:colcon.colcon_core.package_discovery:discover_packages(ignore) discover
[0.683s] Level 1:colcon.colcon_core.package_discovery:discover_packages(ignore) using defaults
[0.683s] Level 1:colcon.colcon_core.package_discovery:discover_packages(path) discover
[0.683s] Level 1:colcon.colcon_core.package_discovery:discover_packages(path) using defaults
[0.765s] Level 1:colcon.colcon_core.package_discovery:discover_packages(prefix_path) check parameters
[0.765s] Level 1:colcon.colcon_core.package_discovery:discover_packages(prefix_path) discover
[0.771s] DEBUG:colcon.colcon_installed_package_information.package_discovery:Found 322 installed packages in /opt/ros/humble
[0.775s] Level 1:colcon.colcon_core.package_discovery:discover_packages(prefix_path) using defaults
[0.889s] Level 5:colcon.colcon_core.verb:set package 'my_bot' build argument 'cmake_args' from command line to 'None'
[0.889s] Level 5:colcon.colcon_core.verb:set package 'my_bot' build argument 'cmake_target' from command line to 'None'
[0.889s] Level 5:colcon.colcon_core.verb:set package 'my_bot' build argument 'cmake_target_skip_unavailable' from command line to 'False'
[0.889s] Level 5:colcon.colcon_core.verb:set package 'my_bot' build argument 'cmake_clean_cache' from command line to 'False'
[0.889s] Level 5:colcon.colcon_core.verb:set package 'my_bot' build argument 'cmake_clean_first' from command line to 'False'
[0.889s] Level 5:colcon.colcon_core.verb:set package 'my_bot' build argument 'cmake_force_configure' from command line to 'False'
[0.889s] Level 5:colcon.colcon_core.verb:set package 'my_bot' build argument 'ament_cmake_args' from command line to 'None'
[0.889s] Level 5:colcon.colcon_core.verb:set package 'my_bot' build argument 'catkin_cmake_args' from command line to 'None'
[0.889s] Level 5:colcon.colcon_core.verb:set package 'my_bot' build argument 'catkin_skip_building_tests' from command line to 'False'
[0.889s] DEBUG:colcon.colcon_core.verb:Building package 'my_bot' with the following arguments: {'ament_cmake_args': None, 'build_base': '/home/an/ros2_ws/build/my_bot', 'catkin_cmake_args': None, 'catkin_skip_building_tests': False, 'cmake_args': None, 'cmake_clean_cache': False, 'cmake_clean_first': False, 'cmake_force_configure': False, 'cmake_target': None, 'cmake_target_skip_unavailable': False, 'install_base': '/home/an/ros2_ws/install/my_bot', 'merge_install': False, 'path': '/home/an/ros2_ws/src/mobile-3d-lidar-sim/my_bot', 'symlink_install': False, 'test_result_base': None}
[0.890s] Level 5:colcon.colcon_core.verb:set package 'velodyne_description' build argument 'cmake_args' from command line to 'None'
[0.890s] Level 5:colcon.colcon_core.verb:set package 'velodyne_description' build argument 'cmake_target' from command line to 'None'
[0.890s] Level 5:colcon.colcon_core.verb:set package 'velodyne_description' build argument 'cmake_target_skip_unavailable' from command line to 'False'
[0.891s] Level 5:colcon.colcon_core.verb:set package 'velodyne_description' build argument 'cmake_clean_cache' from command line to 'False'
[0.891s] Level 5:colcon.colcon_core.verb:set package 'velodyne_description' build argument 'cmake_clean_first' from command line to 'False'
[0.891s] Level 5:colcon.colcon_core.verb:set package 'velodyne_description' build argument 'cmake_force_configure' from command line to 'False'
[0.891s] Level 5:colcon.colcon_core.verb:set package 'velodyne_description' build argument 'ament_cmake_args' from command line to 'None'
[0.891s] Level 5:colcon.colcon_core.verb:set package 'velodyne_description' build argument 'catkin_cmake_args' from command line to 'None'
[0.891s] Level 5:colcon.colcon_core.verb:set package 'velodyne_description' build argument 'catkin_skip_building_tests' from command line to 'False'
[0.891s] DEBUG:colcon.colcon_core.verb:Building package 'velodyne_description' with the following arguments: {'ament_cmake_args': None, 'build_base': '/home/an/ros2_ws/build/velodyne_description', 'catkin_cmake_args': None, 'catkin_skip_building_tests': False, 'cmake_args': None, 'cmake_clean_cache': False, 'cmake_clean_first': False, 'cmake_force_configure': False, 'cmake_target': None, 'cmake_target_skip_unavailable': False, 'install_base': '/home/an/ros2_ws/install/velodyne_description', 'merge_install': False, 'path': '/home/an/ros2_ws/src/velodyne_simulator/velodyne_description', 'symlink_install': False, 'test_result_base': None}
[0.892s] Level 5:colcon.colcon_core.verb:set package 'velodyne_gazebo_plugins' build argument 'cmake_args' from command line to 'None'
[0.892s] Level 5:colcon.colcon_core.verb:set package 'velodyne_gazebo_plugins' build argument 'cmake_target' from command line to 'None'
[0.892s] Level 5:colcon.colcon_core.verb:set package 'velodyne_gazebo_plugins' build argument 'cmake_target_skip_unavailable' from command line to 'False'
[0.892s] Level 5:colcon.colcon_core.verb:set package 'velodyne_gazebo_plugins' build argument 'cmake_clean_cache' from command line to 'False'
[0.892s] Level 5:colcon.colcon_core.verb:set package 'velodyne_gazebo_plugins' build argument 'cmake_clean_first' from command line to 'False'
[0.892s] Level 5:colcon.colcon_core.verb:set package 'velodyne_gazebo_plugins' build argument 'cmake_force_configure' from command line to 'False'
[0.892s] Level 5:colcon.colcon_core.verb:set package 'velodyne_gazebo_plugins' build argument 'ament_cmake_args' from command line to 'None'
[0.892s] Level 5:colcon.colcon_core.verb:set package 'velodyne_gazebo_plugins' build argument 'catkin_cmake_args' from command line to 'None'
[0.893s] Level 5:colcon.colcon_core.verb:set package 'velodyne_gazebo_plugins' build argument 'catkin_skip_building_tests' from command line to 'False'
[0.893s] DEBUG:colcon.colcon_core.verb:Building package 'velodyne_gazebo_plugins' with the following arguments: {'ament_cmake_args': None, 'build_base': '/home/an/ros2_ws/build/velodyne_gazebo_plugins', 'catkin_cmake_args': None, 'catkin_skip_building_tests': False, 'cmake_args': None, 'cmake_clean_cache': False, 'cmake_clean_first': False, 'cmake_force_configure': False, 'cmake_target': None, 'cmake_target_skip_unavailable': False, 'install_base': '/home/an/ros2_ws/install/velodyne_gazebo_plugins', 'merge_install': False, 'path': '/home/an/ros2_ws/src/velodyne_simulator/velodyne_gazebo_plugins', 'symlink_install': False, 'test_result_base': None}
[0.894s] Level 5:colcon.colcon_core.verb:set package 'velodyne_simulator' build argument 'cmake_args' from command line to 'None'
[0.894s] Level 5:colcon.colcon_core.verb:set package 'velodyne_simulator' build argument 'cmake_target' from command line to 'None'
[0.894s] Level 5:colcon.colcon_core.verb:set package 'velodyne_simulator' build argument 'cmake_target_skip_unavailable' from command line to 'False'
[0.894s] Level 5:colcon.colcon_core.verb:set package 'velodyne_simulator' build argument 'cmake_clean_cache' from command line to 'False'
[0.894s] Level 5:colcon.colcon_core.verb:set package 'velodyne_simulator' build argument 'cmake_clean_first' from command line to 'False'
[0.894s] Level 5:colcon.colcon_core.verb:set package 'velodyne_simulator' build argument 'cmake_force_configure' from command line to 'False'
[0.894s] Level 5:colcon.colcon_core.verb:set package 'velodyne_simulator' build argument 'ament_cmake_args' from command line to 'None'
[0.894s] Level 5:colcon.colcon_core.verb:set package 'velodyne_simulator' build argument 'catkin_cmake_args' from command line to 'None'
[0.894s] Level 5:colcon.colcon_core.verb:set package 'velodyne_simulator' build argument 'catkin_skip_building_tests' from command line to 'False'
[0.894s] DEBUG:colcon.colcon_core.verb:Building package 'velodyne_simulator' with the following arguments: {'ament_cmake_args': None, 'build_base': '/home/an/ros2_ws/build/velodyne_simulator', 'catkin_cmake_args': None, 'catkin_skip_building_tests': False, 'cmake_args': None, 'cmake_clean_cache': False, 'cmake_clean_first': False, 'cmake_force_configure': False, 'cmake_target': None, 'cmake_target_skip_unavailable': False, 'install_base': '/home/an/ros2_ws/install/velodyne_simulator', 'merge_install': False, 'path': '/home/an/ros2_ws/src/velodyne_simulator/velodyne_simulator', 'symlink_install': False, 'test_result_base': None}
[0.895s] INFO:colcon.colcon_core.executor:Executing jobs using 'parallel' executor
[0.898s] DEBUG:colcon.colcon_parallel_executor.executor.parallel:run_until_complete
[0.899s] INFO:colcon.colcon_ros.task.ament_cmake.build:Building ROS package in '/home/an/ros2_ws/src/velodyne_simulator/velodyne_description' with build type 'ament_cmake'
[0.900s] INFO:colcon.colcon_cmake.task.cmake.build:Building CMake package in '/home/an/ros2_ws/src/velodyne_simulator/velodyne_description'
[0.904s] INFO:colcon.colcon_core.plugin_system:Skipping extension 'colcon_core.shell.bat': Not used on non-Windows systems
[0.905s] INFO:colcon.colcon_core.shell:Skip shell extension 'powershell' for command environment: Not usable outside of PowerShell
[0.905s] DEBUG:colcon.colcon_core.shell:Skip shell extension 'dsv' for command environment
[0.915s] INFO:colcon.colcon_ros.task.ament_cmake.build:Building ROS package in '/home/an/ros2_ws/src/velodyne_simulator/velodyne_gazebo_plugins' with build type 'ament_cmake'
[0.916s] INFO:colcon.colcon_cmake.task.cmake.build:Building CMake package in '/home/an/ros2_ws/src/velodyne_simulator/velodyne_gazebo_plugins'
[0.916s] INFO:colcon.colcon_core.shell:Skip shell extension 'powershell' for command environment: Not usable outside of PowerShell
[0.916s] DEBUG:colcon.colcon_core.shell:Skip shell extension 'dsv' for command environment
[0.925s] INFO:colcon.colcon_ros.task.ament_cmake.build:Building ROS package in '/home/an/ros2_ws/src/mobile-3d-lidar-sim/my_bot' with build type 'ament_cmake'
[0.925s] INFO:colcon.colcon_cmake.task.cmake.build:Building CMake package in '/home/an/ros2_ws/src/mobile-3d-lidar-sim/my_bot'
[0.927s] INFO:colcon.colcon_core.shell:Skip shell extension 'powershell' for command environment: Not usable outside of PowerShell
[0.927s] DEBUG:colcon.colcon_core.shell:Skip shell extension 'dsv' for command environment
[0.948s] DEBUG:colcon.colcon_core.event_handler.log_command:Invoking command in '/home/an/ros2_ws/build/velodyne_description': CMAKE_PREFIX_PATH=/opt/ros/humble /usr/bin/cmake /home/an/ros2_ws/src/velodyne_simulator/velodyne_description -DCMAKE_INSTALL_PREFIX=/home/an/ros2_ws/install/velodyne_description
[0.958s] DEBUG:colcon.colcon_core.event_handler.log_command:Invoking command in '/home/an/ros2_ws/build/velodyne_gazebo_plugins': CMAKE_PREFIX_PATH=/opt/ros/humble /usr/bin/cmake /home/an/ros2_ws/src/velodyne_simulator/velodyne_gazebo_plugins -DCMAKE_INSTALL_PREFIX=/home/an/ros2_ws/install/velodyne_gazebo_plugins
[0.969s] DEBUG:colcon.colcon_core.event_handler.log_command:Invoking command in '/home/an/ros2_ws/build/my_bot': CMAKE_PREFIX_PATH=/opt/ros/humble /usr/bin/cmake /home/an/ros2_ws/src/mobile-3d-lidar-sim/my_bot -DCMAKE_INSTALL_PREFIX=/home/an/ros2_ws/install/my_bot
[2.572s] DEBUG:colcon.colcon_core.event_handler.log_command:Invoked command in '/home/an/ros2_ws/build/velodyne_description' returned '0': CMAKE_PREFIX_PATH=/opt/ros/humble /usr/bin/cmake /home/an/ros2_ws/src/velodyne_simulator/velodyne_description -DCMAKE_INSTALL_PREFIX=/home/an/ros2_ws/install/velodyne_description
[2.577s] DEBUG:colcon.colcon_core.event_handler.log_command:Invoking command in '/home/an/ros2_ws/build/velodyne_description': CMAKE_PREFIX_PATH=/opt/ros/humble /usr/bin/cmake --build /home/an/ros2_ws/build/velodyne_description -- -j12 -l12
[2.650s] DEBUG:colcon.colcon_core.event_handler.log_command:Invoked command in '/home/an/ros2_ws/build/my_bot' returned '0': CMAKE_PREFIX_PATH=/opt/ros/humble /usr/bin/cmake /home/an/ros2_ws/src/mobile-3d-lidar-sim/my_bot -DCMAKE_INSTALL_PREFIX=/home/an/ros2_ws/install/my_bot
[2.654s] DEBUG:colcon.colcon_core.event_handler.log_command:Invoking command in '/home/an/ros2_ws/build/my_bot': CMAKE_PREFIX_PATH=/opt/ros/humble /usr/bin/cmake --build /home/an/ros2_ws/build/my_bot -- -j12 -l12
[2.675s] DEBUG:colcon.colcon_core.event_handler.log_command:Invoked command in '/home/an/ros2_ws/build/velodyne_description' returned '0': CMAKE_PREFIX_PATH=/opt/ros/humble /usr/bin/cmake --build /home/an/ros2_ws/build/velodyne_description -- -j12 -l12
[2.700s] DEBUG:colcon.colcon_core.event_handler.log_command:Invoking command in '/home/an/ros2_ws/build/velodyne_description': CMAKE_PREFIX_PATH=/opt/ros/humble /usr/bin/cmake --install /home/an/ros2_ws/build/velodyne_description
[2.746s] Level 1:colcon.colcon_core.environment:create_environment_scripts_only(velodyne_description)
[2.747s] DEBUG:colcon.colcon_core.event_handler.log_command:Invoked command in '/home/an/ros2_ws/build/velodyne_description' returned '0': CMAKE_PREFIX_PATH=/opt/ros/humble /usr/bin/cmake --install /home/an/ros2_ws/build/velodyne_description
[2.752s] Level 1:colcon.colcon_core.environment:checking '/home/an/ros2_ws/install/velodyne_description' for CMake module files
[2.753s] Level 1:colcon.colcon_core.environment:checking '/home/an/ros2_ws/install/velodyne_description' for CMake config files
[2.754s] Level 1:colcon.colcon_core.shell:create_environment_hook('velodyne_description', 'cmake_prefix_path')
[2.755s] INFO:colcon.colcon_core.shell:Creating environment hook '/home/an/ros2_ws/install/velodyne_description/share/velodyne_description/hook/cmake_prefix_path.ps1'
[2.756s] INFO:colcon.colcon_core.shell:Creating environment descriptor '/home/an/ros2_ws/install/velodyne_description/share/velodyne_description/hook/cmake_prefix_path.dsv'
[2.758s] INFO:colcon.colcon_core.shell:Creating environment hook '/home/an/ros2_ws/install/velodyne_description/share/velodyne_description/hook/cmake_prefix_path.sh'
[2.759s] Level 1:colcon.colcon_core.environment:checking '/home/an/ros2_ws/install/velodyne_description/bin'
[2.760s] Level 1:colcon.colcon_core.environment:checking '/home/an/ros2_ws/install/velodyne_description/lib/pkgconfig/velodyne_description.pc'
[2.760s] Level 1:colcon.colcon_core.environment:checking '/home/an/ros2_ws/install/velodyne_description/lib/python3.10/site-packages'
[2.760s] Level 1:colcon.colcon_core.environment:checking '/home/an/ros2_ws/install/velodyne_description/bin'
[2.761s] INFO:colcon.colcon_core.shell:Creating package script '/home/an/ros2_ws/install/velodyne_description/share/velodyne_description/package.ps1'
[2.763s] INFO:colcon.colcon_core.shell:Creating package descriptor '/home/an/ros2_ws/install/velodyne_description/share/velodyne_description/package.dsv'
[2.764s] INFO:colcon.colcon_core.shell:Creating package script '/home/an/ros2_ws/install/velodyne_description/share/velodyne_description/package.sh'
[2.765s] INFO:colcon.colcon_core.shell:Creating package script '/home/an/ros2_ws/install/velodyne_description/share/velodyne_description/package.bash'
[2.767s] INFO:colcon.colcon_core.shell:Creating package script '/home/an/ros2_ws/install/velodyne_description/share/velodyne_description/package.zsh'
[2.768s] Level 1:colcon.colcon_core.environment:create_file_with_runtime_dependencies(/home/an/ros2_ws/install/velodyne_description/share/colcon-core/packages/velodyne_description)
[2.769s] Level 1:colcon.colcon_core.environment:create_environment_scripts_only(velodyne_description)
[2.770s] Level 1:colcon.colcon_core.environment:checking '/home/an/ros2_ws/install/velodyne_description' for CMake module files
[2.771s] Level 1:colcon.colcon_core.environment:checking '/home/an/ros2_ws/install/velodyne_description' for CMake config files
[2.772s] Level 1:colcon.colcon_core.shell:create_environment_hook('velodyne_description', 'cmake_prefix_path')
[2.772s] INFO:colcon.colcon_core.shell:Creating environment hook '/home/an/ros2_ws/install/velodyne_description/share/velodyne_description/hook/cmake_prefix_path.ps1'
[2.773s] INFO:colcon.colcon_core.shell:Creating environment descriptor '/home/an/ros2_ws/install/velodyne_description/share/velodyne_description/hook/cmake_prefix_path.dsv'
[2.774s] INFO:colcon.colcon_core.shell:Creating environment hook '/home/an/ros2_ws/install/velodyne_description/share/velodyne_description/hook/cmake_prefix_path.sh'
[2.775s] Level 1:colcon.colcon_core.environment:checking '/home/an/ros2_ws/install/velodyne_description/bin'
[2.775s] Level 1:colcon.colcon_core.environment:checking '/home/an/ros2_ws/install/velodyne_description/lib/pkgconfig/velodyne_description.pc'
[2.775s] Level 1:colcon.colcon_core.environment:checking '/home/an/ros2_ws/install/velodyne_description/lib/python3.10/site-packages'
[2.776s] Level 1:colcon.colcon_core.environment:checking '/home/an/ros2_ws/install/velodyne_description/bin'
[2.776s] INFO:colcon.colcon_core.shell:Creating package script '/home/an/ros2_ws/install/velodyne_description/share/velodyne_description/package.ps1'
[2.777s] INFO:colcon.colcon_core.shell:Creating package descriptor '/home/an/ros2_ws/install/velodyne_description/share/velodyne_description/package.dsv'
[2.779s] INFO:colcon.colcon_core.shell:Creating package script '/home/an/ros2_ws/install/velodyne_description/share/velodyne_description/package.sh'
[2.780s] INFO:colcon.colcon_core.shell:Creating package script '/home/an/ros2_ws/install/velodyne_description/share/velodyne_description/package.bash'
[2.781s] INFO:colcon.colcon_core.shell:Creating package script '/home/an/ros2_ws/install/velodyne_description/share/velodyne_description/package.zsh'
[2.782s] Level 1:colcon.colcon_core.environment:create_file_with_runtime_dependencies(/home/an/ros2_ws/install/velodyne_description/share/colcon-core/packages/velodyne_description)
[2.785s] DEBUG:colcon.colcon_core.event_handler.log_command:Invoked command in '/home/an/ros2_ws/build/my_bot' returned '0': CMAKE_PREFIX_PATH=/opt/ros/humble /usr/bin/cmake --build /home/an/ros2_ws/build/my_bot -- -j12 -l12
[2.789s] DEBUG:colcon.colcon_core.event_handler.log_command:Invoking command in '/home/an/ros2_ws/build/my_bot': CMAKE_PREFIX_PATH=/opt/ros/humble /usr/bin/cmake --install /home/an/ros2_ws/build/my_bot
[2.826s] Level 1:colcon.colcon_core.environment:create_environment_scripts_only(my_bot)
[2.826s] DEBUG:colcon.colcon_core.event_handler.log_command:Invoked command in '/home/an/ros2_ws/build/my_bot' returned '0': CMAKE_PREFIX_PATH=/opt/ros/humble /usr/bin/cmake --install /home/an/ros2_ws/build/my_bot
[2.827s] Level 1:colcon.colcon_core.environment:checking '/home/an/ros2_ws/install/my_bot' for CMake module files
[2.828s] Level 1:colcon.colcon_core.environment:checking '/home/an/ros2_ws/install/my_bot' for CMake config files
[2.829s] Level 1:colcon.colcon_core.shell:create_environment_hook('my_bot', 'cmake_prefix_path')
[2.829s] INFO:colcon.colcon_core.shell:Creating environment hook '/home/an/ros2_ws/install/my_bot/share/my_bot/hook/cmake_prefix_path.ps1'
[2.830s] INFO:colcon.colcon_core.shell:Creating environment descriptor '/home/an/ros2_ws/install/my_bot/share/my_bot/hook/cmake_prefix_path.dsv'
[2.831s] INFO:colcon.colcon_core.shell:Creating environment hook '/home/an/ros2_ws/install/my_bot/share/my_bot/hook/cmake_prefix_path.sh'
[2.832s] Level 1:colcon.colcon_core.environment:checking '/home/an/ros2_ws/install/my_bot/bin'
[2.832s] Level 1:colcon.colcon_core.environment:checking '/home/an/ros2_ws/install/my_bot/lib/pkgconfig/my_bot.pc'
[2.833s] Level 1:colcon.colcon_core.environment:checking '/home/an/ros2_ws/install/my_bot/lib/python3.10/site-packages'
[2.833s] Level 1:colcon.colcon_core.environment:checking '/home/an/ros2_ws/install/my_bot/bin'
[2.834s] INFO:colcon.colcon_core.shell:Creating package script '/home/an/ros2_ws/install/my_bot/share/my_bot/package.ps1'
[2.835s] INFO:colcon.colcon_core.shell:Creating package descriptor '/home/an/ros2_ws/install/my_bot/share/my_bot/package.dsv'
[2.835s] INFO:colcon.colcon_core.shell:Creating package script '/home/an/ros2_ws/install/my_bot/share/my_bot/package.sh'
[2.836s] INFO:colcon.colcon_core.shell:Creating package script '/home/an/ros2_ws/install/my_bot/share/my_bot/package.bash'
[2.837s] INFO:colcon.colcon_core.shell:Creating package script '/home/an/ros2_ws/install/my_bot/share/my_bot/package.zsh'
[2.838s] Level 1:colcon.colcon_core.environment:create_file_with_runtime_dependencies(/home/an/ros2_ws/install/my_bot/share/colcon-core/packages/my_bot)
[2.839s] Level 1:colcon.colcon_core.environment:create_environment_scripts_only(my_bot)
[2.839s] Level 1:colcon.colcon_core.environment:checking '/home/an/ros2_ws/install/my_bot' for CMake module files
[2.840s] Level 1:colcon.colcon_core.environment:checking '/home/an/ros2_ws/install/my_bot' for CMake config files
[2.841s] Level 1:colcon.colcon_core.shell:create_environment_hook('my_bot', 'cmake_prefix_path')
[2.841s] INFO:colcon.colcon_core.shell:Creating environment hook '/home/an/ros2_ws/install/my_bot/share/my_bot/hook/cmake_prefix_path.ps1'
[2.842s] INFO:colcon.colcon_core.shell:Creating environment descriptor '/home/an/ros2_ws/install/my_bot/share/my_bot/hook/cmake_prefix_path.dsv'
[2.843s] INFO:colcon.colcon_core.shell:Creating environment hook '/home/an/ros2_ws/install/my_bot/share/my_bot/hook/cmake_prefix_path.sh'
[2.844s] Level 1:colcon.colcon_core.environment:checking '/home/an/ros2_ws/install/my_bot/bin'
[2.844s] Level 1:colcon.colcon_core.environment:checking '/home/an/ros2_ws/install/my_bot/lib/pkgconfig/my_bot.pc'
[2.845s] Level 1:colcon.colcon_core.environment:checking '/home/an/ros2_ws/install/my_bot/lib/python3.10/site-packages'
[2.845s] Level 1:colcon.colcon_core.environment:checking '/home/an/ros2_ws/install/my_bot/bin'
[2.846s] INFO:colcon.colcon_core.shell:Creating package script '/home/an/ros2_ws/install/my_bot/share/my_bot/package.ps1'
[2.848s] INFO:colcon.colcon_core.shell:Creating package descriptor '/home/an/ros2_ws/install/my_bot/share/my_bot/package.dsv'
[2.849s] INFO:colcon.colcon_core.shell:Creating package script '/home/an/ros2_ws/install/my_bot/share/my_bot/package.sh'
[2.850s] INFO:colcon.colcon_core.shell:Creating package script '/home/an/ros2_ws/install/my_bot/share/my_bot/package.bash'
[2.851s] INFO:colcon.colcon_core.shell:Creating package script '/home/an/ros2_ws/install/my_bot/share/my_bot/package.zsh'
[2.851s] Level 1:colcon.colcon_core.environment:create_file_with_runtime_dependencies(/home/an/ros2_ws/install/my_bot/share/colcon-core/packages/my_bot)
[6.758s] DEBUG:colcon.colcon_core.event_handler.log_command:Invoked command in '/home/an/ros2_ws/build/velodyne_gazebo_plugins' returned '0': CMAKE_PREFIX_PATH=/opt/ros/humble /usr/bin/cmake /home/an/ros2_ws/src/velodyne_simulator/velodyne_gazebo_plugins -DCMAKE_INSTALL_PREFIX=/home/an/ros2_ws/install/velodyne_gazebo_plugins
[6.763s] DEBUG:colcon.colcon_core.event_handler.log_command:Invoking command in '/home/an/ros2_ws/build/velodyne_gazebo_plugins': CMAKE_PREFIX_PATH=/opt/ros/humble /usr/bin/cmake --build /home/an/ros2_ws/build/velodyne_gazebo_plugins -- -j12 -l12
[23.820s] DEBUG:colcon.colcon_core.event_handler.log_command:Invoked command in '/home/an/ros2_ws/build/velodyne_gazebo_plugins' returned '0': CMAKE_PREFIX_PATH=/opt/ros/humble /usr/bin/cmake --build /home/an/ros2_ws/build/velodyne_gazebo_plugins -- -j12 -l12
[23.822s] DEBUG:colcon.colcon_core.event_handler.log_command:Invoking command in '/home/an/ros2_ws/build/velodyne_gazebo_plugins': CMAKE_PREFIX_PATH=/opt/ros/humble /usr/bin/cmake --install /home/an/ros2_ws/build/velodyne_gazebo_plugins
[23.841s] Level 1:colcon.colcon_core.environment:create_environment_scripts_only(velodyne_gazebo_plugins)
[23.842s] DEBUG:colcon.colcon_core.event_handler.log_command:Invoked command in '/home/an/ros2_ws/build/velodyne_gazebo_plugins' returned '0': CMAKE_PREFIX_PATH=/opt/ros/humble /usr/bin/cmake --install /home/an/ros2_ws/build/velodyne_gazebo_plugins
[23.842s] Level 1:colcon.colcon_core.environment:checking '/home/an/ros2_ws/install/velodyne_gazebo_plugins' for CMake module files
[23.843s] Level 1:colcon.colcon_core.environment:checking '/home/an/ros2_ws/install/velodyne_gazebo_plugins' for CMake config files
[23.844s] Level 1:colcon.colcon_core.shell:create_environment_hook('velodyne_gazebo_plugins', 'cmake_prefix_path')
[23.844s] INFO:colcon.colcon_core.shell:Creating environment hook '/home/an/ros2_ws/install/velodyne_gazebo_plugins/share/velodyne_gazebo_plugins/hook/cmake_prefix_path.ps1'
[23.844s] INFO:colcon.colcon_core.shell:Creating environment descriptor '/home/an/ros2_ws/install/velodyne_gazebo_plugins/share/velodyne_gazebo_plugins/hook/cmake_prefix_path.dsv'
[23.845s] INFO:colcon.colcon_core.shell:Creating environment hook '/home/an/ros2_ws/install/velodyne_gazebo_plugins/share/velodyne_gazebo_plugins/hook/cmake_prefix_path.sh'
[23.845s] Level 1:colcon.colcon_core.environment:checking '/home/an/ros2_ws/install/velodyne_gazebo_plugins/lib'
[23.845s] Level 1:colcon.colcon_core.shell:create_environment_hook('velodyne_gazebo_plugins', 'ld_library_path_lib')
[23.845s] INFO:colcon.colcon_core.shell:Creating environment hook '/home/an/ros2_ws/install/velodyne_gazebo_plugins/share/velodyne_gazebo_plugins/hook/ld_library_path_lib.ps1'
[23.846s] INFO:colcon.colcon_core.shell:Creating environment descriptor '/home/an/ros2_ws/install/velodyne_gazebo_plugins/share/velodyne_gazebo_plugins/hook/ld_library_path_lib.dsv'
[23.846s] INFO:colcon.colcon_core.shell:Creating environment hook '/home/an/ros2_ws/install/velodyne_gazebo_plugins/share/velodyne_gazebo_plugins/hook/ld_library_path_lib.sh'
[23.846s] Level 1:colcon.colcon_core.environment:checking '/home/an/ros2_ws/install/velodyne_gazebo_plugins/bin'
[23.846s] Level 1:colcon.colcon_core.environment:checking '/home/an/ros2_ws/install/velodyne_gazebo_plugins/lib/pkgconfig/velodyne_gazebo_plugins.pc'
[23.846s] Level 1:colcon.colcon_core.environment:checking '/home/an/ros2_ws/install/velodyne_gazebo_plugins/lib/python3.10/site-packages'
[23.847s] Level 1:colcon.colcon_core.environment:checking '/home/an/ros2_ws/install/velodyne_gazebo_plugins/bin'
[23.847s] INFO:colcon.colcon_core.shell:Creating package script '/home/an/ros2_ws/install/velodyne_gazebo_plugins/share/velodyne_gazebo_plugins/package.ps1'
[23.847s] INFO:colcon.colcon_core.shell:Creating package descriptor '/home/an/ros2_ws/install/velodyne_gazebo_plugins/share/velodyne_gazebo_plugins/package.dsv'
[23.847s] INFO:colcon.colcon_core.shell:Creating package script '/home/an/ros2_ws/install/velodyne_gazebo_plugins/share/velodyne_gazebo_plugins/package.sh'
[23.848s] INFO:colcon.colcon_core.shell:Creating package script '/home/an/ros2_ws/install/velodyne_gazebo_plugins/share/velodyne_gazebo_plugins/package.bash'
[23.848s] INFO:colcon.colcon_core.shell:Creating package script '/home/an/ros2_ws/install/velodyne_gazebo_plugins/share/velodyne_gazebo_plugins/package.zsh'
[23.848s] Level 1:colcon.colcon_core.environment:create_file_with_runtime_dependencies(/home/an/ros2_ws/install/velodyne_gazebo_plugins/share/colcon-core/packages/velodyne_gazebo_plugins)
[23.849s] Level 1:colcon.colcon_core.environment:create_environment_scripts_only(velodyne_gazebo_plugins)
[23.849s] Level 1:colcon.colcon_core.environment:checking '/home/an/ros2_ws/install/velodyne_gazebo_plugins' for CMake module files
[23.849s] Level 1:colcon.colcon_core.environment:checking '/home/an/ros2_ws/install/velodyne_gazebo_plugins' for CMake config files
[23.850s] Level 1:colcon.colcon_core.shell:create_environment_hook('velodyne_gazebo_plugins', 'cmake_prefix_path')
[23.850s] INFO:colcon.colcon_core.shell:Creating environment hook '/home/an/ros2_ws/install/velodyne_gazebo_plugins/share/velodyne_gazebo_plugins/hook/cmake_prefix_path.ps1'
[23.850s] INFO:colcon.colcon_core.shell:Creating environment descriptor '/home/an/ros2_ws/install/velodyne_gazebo_plugins/share/velodyne_gazebo_plugins/hook/cmake_prefix_path.dsv'
[23.850s] INFO:colcon.colcon_core.shell:Creating environment hook '/home/an/ros2_ws/install/velodyne_gazebo_plugins/share/velodyne_gazebo_plugins/hook/cmake_prefix_path.sh'
[23.851s] Level 1:colcon.colcon_core.environment:checking '/home/an/ros2_ws/install/velodyne_gazebo_plugins/lib'
[23.851s] Level 1:colcon.colcon_core.shell:create_environment_hook('velodyne_gazebo_plugins', 'ld_library_path_lib')
[23.851s] INFO:colcon.colcon_core.shell:Creating environment hook '/home/an/ros2_ws/install/velodyne_gazebo_plugins/share/velodyne_gazebo_plugins/hook/ld_library_path_lib.ps1'
[23.851s] INFO:colcon.colcon_core.shell:Creating environment descriptor '/home/an/ros2_ws/install/velodyne_gazebo_plugins/share/velodyne_gazebo_plugins/hook/ld_library_path_lib.dsv'
[23.852s] INFO:colcon.colcon_core.shell:Creating environment hook '/home/an/ros2_ws/install/velodyne_gazebo_plugins/share/velodyne_gazebo_plugins/hook/ld_library_path_lib.sh'
[23.852s] Level 1:colcon.colcon_core.environment:checking '/home/an/ros2_ws/install/velodyne_gazebo_plugins/bin'
[23.852s] Level 1:colcon.colcon_core.environment:checking '/home/an/ros2_ws/install/velodyne_gazebo_plugins/lib/pkgconfig/velodyne_gazebo_plugins.pc'
[23.852s] Level 1:colcon.colcon_core.environment:checking '/home/an/ros2_ws/install/velodyne_gazebo_plugins/lib/python3.10/site-packages'
[23.852s] Level 1:colcon.colcon_core.environment:checking '/home/an/ros2_ws/install/velodyne_gazebo_plugins/bin'
[23.853s] INFO:colcon.colcon_core.shell:Creating package script '/home/an/ros2_ws/install/velodyne_gazebo_plugins/share/velodyne_gazebo_plugins/package.ps1'
[23.853s] INFO:colcon.colcon_core.shell:Creating package descriptor '/home/an/ros2_ws/install/velodyne_gazebo_plugins/share/velodyne_gazebo_plugins/package.dsv'
[23.853s] INFO:colcon.colcon_core.shell:Creating package script '/home/an/ros2_ws/install/velodyne_gazebo_plugins/share/velodyne_gazebo_plugins/package.sh'
[23.854s] INFO:colcon.colcon_core.shell:Creating package script '/home/an/ros2_ws/install/velodyne_gazebo_plugins/share/velodyne_gazebo_plugins/package.bash'
[23.854s] INFO:colcon.colcon_core.shell:Creating package script '/home/an/ros2_ws/install/velodyne_gazebo_plugins/share/velodyne_gazebo_plugins/package.zsh'
[23.854s] Level 1:colcon.colcon_core.environment:create_file_with_runtime_dependencies(/home/an/ros2_ws/install/velodyne_gazebo_plugins/share/colcon-core/packages/velodyne_gazebo_plugins)
[23.855s] INFO:colcon.colcon_ros.task.ament_cmake.build:Building ROS package in '/home/an/ros2_ws/src/velodyne_simulator/velodyne_simulator' with build type 'ament_cmake'
[23.855s] INFO:colcon.colcon_cmake.task.cmake.build:Building CMake package in '/home/an/ros2_ws/src/velodyne_simulator/velodyne_simulator'
[23.855s] INFO:colcon.colcon_core.shell:Skip shell extension 'powershell' for command environment: Not usable outside of PowerShell
[23.855s] DEBUG:colcon.colcon_core.shell:Skip shell extension 'dsv' for command environment
[23.867s] DEBUG:colcon.colcon_core.event_handler.log_command:Invoking command in '/home/an/ros2_ws/build/velodyne_simulator': AMENT_PREFIX_PATH=/home/an/ros2_ws/install/velodyne_gazebo_plugins:/home/an/ros2_ws/install/velodyne_description:${AMENT_PREFIX_PATH} CMAKE_PREFIX_PATH=/home/an/ros2_ws/install/velodyne_gazebo_plugins:/home/an/ros2_ws/install/velodyne_description:/opt/ros/humble LD_LIBRARY_PATH=/home/an/ros2_ws/install/velodyne_gazebo_plugins/lib:${LD_LIBRARY_PATH} /usr/bin/cmake /home/an/ros2_ws/src/velodyne_simulator/velodyne_simulator -DCMAKE_INSTALL_PREFIX=/home/an/ros2_ws/install/velodyne_simulator
[24.516s] DEBUG:colcon.colcon_core.event_handler.log_command:Invoked command in '/home/an/ros2_ws/build/velodyne_simulator' returned '0': AMENT_PREFIX_PATH=/home/an/ros2_ws/install/velodyne_gazebo_plugins:/home/an/ros2_ws/install/velodyne_description:${AMENT_PREFIX_PATH} CMAKE_PREFIX_PATH=/home/an/ros2_ws/install/velodyne_gazebo_plugins:/home/an/ros2_ws/install/velodyne_description:/opt/ros/humble LD_LIBRARY_PATH=/home/an/ros2_ws/install/velodyne_gazebo_plugins/lib:${LD_LIBRARY_PATH} /usr/bin/cmake /home/an/ros2_ws/src/velodyne_simulator/velodyne_simulator -DCMAKE_INSTALL_PREFIX=/home/an/ros2_ws/install/velodyne_simulator
[24.518s] DEBUG:colcon.colcon_core.event_handler.log_command:Invoking command in '/home/an/ros2_ws/build/velodyne_simulator': AMENT_PREFIX_PATH=/home/an/ros2_ws/install/velodyne_gazebo_plugins:/home/an/ros2_ws/install/velodyne_description:${AMENT_PREFIX_PATH} CMAKE_PREFIX_PATH=/home/an/ros2_ws/install/velodyne_gazebo_plugins:/home/an/ros2_ws/install/velodyne_description:/opt/ros/humble LD_LIBRARY_PATH=/home/an/ros2_ws/install/velodyne_gazebo_plugins/lib:${LD_LIBRARY_PATH} /usr/bin/cmake --build /home/an/ros2_ws/build/velodyne_simulator -- -j12 -l12
[24.564s] DEBUG:colcon.colcon_core.event_handler.log_command:Invoked command in '/home/an/ros2_ws/build/velodyne_simulator' returned '0': AMENT_PREFIX_PATH=/home/an/ros2_ws/install/velodyne_gazebo_plugins:/home/an/ros2_ws/install/velodyne_description:${AMENT_PREFIX_PATH} CMAKE_PREFIX_PATH=/home/an/ros2_ws/install/velodyne_gazebo_plugins:/home/an/ros2_ws/install/velodyne_description:/opt/ros/humble LD_LIBRARY_PATH=/home/an/ros2_ws/install/velodyne_gazebo_plugins/lib:${LD_LIBRARY_PATH} /usr/bin/cmake --build /home/an/ros2_ws/build/velodyne_simulator -- -j12 -l12
[24.566s] DEBUG:colcon.colcon_core.event_handler.log_command:Invoking command in '/home/an/ros2_ws/build/velodyne_simulator': AMENT_PREFIX_PATH=/home/an/ros2_ws/install/velodyne_gazebo_plugins:/home/an/ros2_ws/install/velodyne_description:${AMENT_PREFIX_PATH} CMAKE_PREFIX_PATH=/home/an/ros2_ws/install/velodyne_gazebo_plugins:/home/an/ros2_ws/install/velodyne_description:/opt/ros/humble LD_LIBRARY_PATH=/home/an/ros2_ws/install/velodyne_gazebo_plugins/lib:${LD_LIBRARY_PATH} /usr/bin/cmake --install /home/an/ros2_ws/build/velodyne_simulator
[24.579s] Level 1:colcon.colcon_core.environment:create_environment_scripts_only(velodyne_simulator)
[24.579s] Level 1:colcon.colcon_core.environment:checking '/home/an/ros2_ws/install/velodyne_simulator' for CMake module files
[24.580s] DEBUG:colcon.colcon_core.event_handler.log_command:Invoked command in '/home/an/ros2_ws/build/velodyne_simulator' returned '0': AMENT_PREFIX_PATH=/home/an/ros2_ws/install/velodyne_gazebo_plugins:/home/an/ros2_ws/install/velodyne_description:${AMENT_PREFIX_PATH} CMAKE_PREFIX_PATH=/home/an/ros2_ws/install/velodyne_gazebo_plugins:/home/an/ros2_ws/install/velodyne_description:/opt/ros/humble LD_LIBRARY_PATH=/home/an/ros2_ws/install/velodyne_gazebo_plugins/lib:${LD_LIBRARY_PATH} /usr/bin/cmake --install /home/an/ros2_ws/build/velodyne_simulator
[24.580s] Level 1:colcon.colcon_core.environment:checking '/home/an/ros2_ws/install/velodyne_simulator' for CMake config files
[24.580s] Level 1:colcon.colcon_core.shell:create_environment_hook('velodyne_simulator', 'cmake_prefix_path')
[24.581s] INFO:colcon.colcon_core.shell:Creating environment hook '/home/an/ros2_ws/install/velodyne_simulator/share/velodyne_simulator/hook/cmake_prefix_path.ps1'
[24.581s] INFO:colcon.colcon_core.shell:Creating environment descriptor '/home/an/ros2_ws/install/velodyne_simulator/share/velodyne_simulator/hook/cmake_prefix_path.dsv'
[24.582s] INFO:colcon.colcon_core.shell:Creating environment hook '/home/an/ros2_ws/install/velodyne_simulator/share/velodyne_simulator/hook/cmake_prefix_path.sh'
[24.582s] Level 1:colcon.colcon_core.environment:checking '/home/an/ros2_ws/install/velodyne_simulator/bin'
[24.582s] Level 1:colcon.colcon_core.environment:checking '/home/an/ros2_ws/install/velodyne_simulator/lib/pkgconfig/velodyne_simulator.pc'
[24.582s] Level 1:colcon.colcon_core.environment:checking '/home/an/ros2_ws/install/velodyne_simulator/lib/python3.10/site-packages'
[24.582s] Level 1:colcon.colcon_core.environment:checking '/home/an/ros2_ws/install/velodyne_simulator/bin'
[24.583s] INFO:colcon.colcon_core.shell:Creating package script '/home/an/ros2_ws/install/velodyne_simulator/share/velodyne_simulator/package.ps1'
[24.583s] INFO:colcon.colcon_core.shell:Creating package descriptor '/home/an/ros2_ws/install/velodyne_simulator/share/velodyne_simulator/package.dsv'
[24.583s] INFO:colcon.colcon_core.shell:Creating package script '/home/an/ros2_ws/install/velodyne_simulator/share/velodyne_simulator/package.sh'
[24.583s] INFO:colcon.colcon_core.shell:Creating package script '/home/an/ros2_ws/install/velodyne_simulator/share/velodyne_simulator/package.bash'
[24.584s] INFO:colcon.colcon_core.shell:Creating package script '/home/an/ros2_ws/install/velodyne_simulator/share/velodyne_simulator/package.zsh'
[24.584s] Level 1:colcon.colcon_core.environment:create_file_with_runtime_dependencies(/home/an/ros2_ws/install/velodyne_simulator/share/colcon-core/packages/velodyne_simulator)
[24.584s] Level 1:colcon.colcon_core.environment:create_environment_scripts_only(velodyne_simulator)
[24.585s] Level 1:colcon.colcon_core.environment:checking '/home/an/ros2_ws/install/velodyne_simulator' for CMake module files
[24.585s] Level 1:colcon.colcon_core.environment:checking '/home/an/ros2_ws/install/velodyne_simulator' for CMake config files
[24.585s] Level 1:colcon.colcon_core.shell:create_environment_hook('velodyne_simulator', 'cmake_prefix_path')
[24.585s] INFO:colcon.colcon_core.shell:Creating environment hook '/home/an/ros2_ws/install/velodyne_simulator/share/velodyne_simulator/hook/cmake_prefix_path.ps1'
[24.586s] INFO:colcon.colcon_core.shell:Creating environment descriptor '/home/an/ros2_ws/install/velodyne_simulator/share/velodyne_simulator/hook/cmake_prefix_path.dsv'
[24.586s] INFO:colcon.colcon_core.shell:Creating environment hook '/home/an/ros2_ws/install/velodyne_simulator/share/velodyne_simulator/hook/cmake_prefix_path.sh'
[24.587s] Level 1:colcon.colcon_core.environment:checking '/home/an/ros2_ws/install/velodyne_simulator/bin'
[24.587s] Level 1:colcon.colcon_core.environment:checking '/home/an/ros2_ws/install/velodyne_simulator/lib/pkgconfig/velodyne_simulator.pc'
[24.587s] Level 1:colcon.colcon_core.environment:checking '/home/an/ros2_ws/install/velodyne_simulator/lib/python3.10/site-packages'
[24.587s] Level 1:colcon.colcon_core.environment:checking '/home/an/ros2_ws/install/velodyne_simulator/bin'
[24.587s] INFO:colcon.colcon_core.shell:Creating package script '/home/an/ros2_ws/install/velodyne_simulator/share/velodyne_simulator/package.ps1'
[24.588s] INFO:colcon.colcon_core.shell:Creating package descriptor '/home/an/ros2_ws/install/velodyne_simulator/share/velodyne_simulator/package.dsv'
[24.588s] INFO:colcon.colcon_core.shell:Creating package script '/home/an/ros2_ws/install/velodyne_simulator/share/velodyne_simulator/package.sh'
[24.588s] INFO:colcon.colcon_core.shell:Creating package script '/home/an/ros2_ws/install/velodyne_simulator/share/velodyne_simulator/package.bash'
[24.589s] INFO:colcon.colcon_core.shell:Creating package script '/home/an/ros2_ws/install/velodyne_simulator/share/velodyne_simulator/package.zsh'
[24.589s] Level 1:colcon.colcon_core.environment:create_file_with_runtime_dependencies(/home/an/ros2_ws/install/velodyne_simulator/share/colcon-core/packages/velodyne_simulator)
[24.589s] DEBUG:colcon.colcon_parallel_executor.executor.parallel:closing loop
[24.589s] DEBUG:colcon.colcon_parallel_executor.executor.parallel:loop closed
[24.589s] DEBUG:colcon.colcon_parallel_executor.executor.parallel:run_until_complete finished with '0'
[24.589s] DEBUG:colcon.colcon_core.event_reactor:joining thread
[24.595s] INFO:colcon.colcon_core.plugin_system:Skipping extension 'colcon_notification.desktop_notification.terminal_notifier': Not used on non-Darwin systems
[24.595s] INFO:colcon.colcon_core.plugin_system:Skipping extension 'colcon_notification.desktop_notification.win32': Not used on non-Windows systems
[24.595s] INFO:colcon.colcon_notification.desktop_notification:Sending desktop notification using 'notify2'
[24.605s] DEBUG:colcon.colcon_core.event_reactor:joined thread
[24.606s] INFO:colcon.colcon_core.shell:Creating prefix script '/home/an/ros2_ws/install/local_setup.ps1'
[24.607s] INFO:colcon.colcon_core.shell:Creating prefix util module '/home/an/ros2_ws/install/_local_setup_util_ps1.py'
[24.609s] INFO:colcon.colcon_core.shell:Creating prefix chain script '/home/an/ros2_ws/install/setup.ps1'
[24.610s] INFO:colcon.colcon_core.shell:Creating prefix script '/home/an/ros2_ws/install/local_setup.sh'
[24.611s] INFO:colcon.colcon_core.shell:Creating prefix util module '/home/an/ros2_ws/install/_local_setup_util_sh.py'
[24.611s] INFO:colcon.colcon_core.shell:Creating prefix chain script '/home/an/ros2_ws/install/setup.sh'
[24.612s] INFO:colcon.colcon_core.shell:Creating prefix script '/home/an/ros2_ws/install/local_setup.bash'
[24.612s] INFO:colcon.colcon_core.shell:Creating prefix chain script '/home/an/ros2_ws/install/setup.bash'
[24.613s] INFO:colcon.colcon_core.shell:Creating prefix script '/home/an/ros2_ws/install/local_setup.zsh'
[24.613s] INFO:colcon.colcon_core.shell:Creating prefix chain script '/home/an/ros2_ws/install/setup.zsh'
